mode: set
github.com/stellar/wallet-backend/main.go:14.13,19.2 1 0
github.com/stellar/wallet-backend/internal/apptracker/mocks.go:13.58,15.2 1 0
github.com/stellar/wallet-backend/internal/apptracker/mocks.go:17.61,19.2 1 0
github.com/stellar/wallet-backend/internal/ingest/ingest.go:38.32,42.16 3 0
github.com/stellar/wallet-backend/internal/ingest/ingest.go:42.16,44.3 1 0
github.com/stellar/wallet-backend/internal/ingest/ingest.go:46.2,46.94 1 0
github.com/stellar/wallet-backend/internal/ingest/ingest.go:46.94,48.3 1 0
github.com/stellar/wallet-backend/internal/ingest/ingest.go:50.2,50.12 1 0
github.com/stellar/wallet-backend/internal/ingest/ingest.go:53.61,55.16 2 0
github.com/stellar/wallet-backend/internal/ingest/ingest.go:55.16,57.3 1 0
github.com/stellar/wallet-backend/internal/ingest/ingest.go:58.2,59.16 2 0
github.com/stellar/wallet-backend/internal/ingest/ingest.go:59.16,61.3 1 0
github.com/stellar/wallet-backend/internal/ingest/ingest.go:62.2,64.16 3 0
github.com/stellar/wallet-backend/internal/ingest/ingest.go:64.16,66.3 1 0
github.com/stellar/wallet-backend/internal/ingest/ingest.go:67.2,69.16 3 0
github.com/stellar/wallet-backend/internal/ingest/ingest.go:69.16,71.3 1 0
github.com/stellar/wallet-backend/internal/ingest/ingest.go:72.2,74.16 3 0
github.com/stellar/wallet-backend/internal/ingest/ingest.go:74.16,76.3 1 0
github.com/stellar/wallet-backend/internal/ingest/ingest.go:77.2,85.16 4 0
github.com/stellar/wallet-backend/internal/ingest/ingest.go:85.16,87.3 1 0
github.com/stellar/wallet-backend/internal/ingest/ingest.go:89.2,90.12 2 0
github.com/stellar/wallet-backend/internal/ingest/ingest.go:90.12,92.17 2 0
github.com/stellar/wallet-backend/internal/ingest/ingest.go:92.17,94.4 1 0
github.com/stellar/wallet-backend/internal/ingest/ingest.go:97.2,97.27 1 0
github.com/stellar/wallet-backend/internal/integrationtests/fixtures.go:28.58,37.16 3 0
github.com/stellar/wallet-backend/internal/integrationtests/fixtures.go:37.16,39.3 1 0
github.com/stellar/wallet-backend/internal/integrationtests/fixtures.go:40.2,41.16 2 0
github.com/stellar/wallet-backend/internal/integrationtests/fixtures.go:41.16,43.3 1 0
github.com/stellar/wallet-backend/internal/integrationtests/fixtures.go:45.2,45.32 1 0
github.com/stellar/wallet-backend/internal/integrationtests/fixtures.go:49.87,51.16 2 0
github.com/stellar/wallet-backend/internal/integrationtests/fixtures.go:51.16,53.3 1 0
github.com/stellar/wallet-backend/internal/integrationtests/fixtures.go:55.2,55.66 1 0
github.com/stellar/wallet-backend/internal/integrationtests/fixtures.go:59.82,63.16 4 0
github.com/stellar/wallet-backend/internal/integrationtests/fixtures.go:63.16,65.3 1 0
github.com/stellar/wallet-backend/internal/integrationtests/fixtures.go:67.2,68.16 2 0
github.com/stellar/wallet-backend/internal/integrationtests/fixtures.go:68.16,70.3 1 0
github.com/stellar/wallet-backend/internal/integrationtests/fixtures.go:71.2,103.34 3 0
github.com/stellar/wallet-backend/internal/integrationtests/fixtures.go:108.127,111.16 2 0
github.com/stellar/wallet-backend/internal/integrationtests/fixtures.go:111.16,113.3 1 0
github.com/stellar/wallet-backend/internal/integrationtests/fixtures.go:114.2,128.16 5 0
github.com/stellar/wallet-backend/internal/integrationtests/fixtures.go:128.16,130.3 1 0
github.com/stellar/wallet-backend/internal/integrationtests/fixtures.go:131.2,132.16 2 0
github.com/stellar/wallet-backend/internal/integrationtests/fixtures.go:132.16,134.3 1 0
github.com/stellar/wallet-backend/internal/integrationtests/fixtures.go:136.2,137.16 2 0
github.com/stellar/wallet-backend/internal/integrationtests/fixtures.go:137.16,139.3 1 0
github.com/stellar/wallet-backend/internal/integrationtests/fixtures.go:140.2,140.34 1 0
github.com/stellar/wallet-backend/internal/integrationtests/fixtures.go:140.34,142.3 1 0
github.com/stellar/wallet-backend/internal/integrationtests/fixtures.go:145.2,145.39 1 0
github.com/stellar/wallet-backend/internal/integrationtests/fixtures.go:145.39,148.51 3 0
github.com/stellar/wallet-backend/internal/integrationtests/fixtures.go:148.51,150.37 2 0
github.com/stellar/wallet-backend/internal/integrationtests/fixtures.go:150.37,153.19 3 0
github.com/stellar/wallet-backend/internal/integrationtests/fixtures.go:153.19,155.6 1 0
github.com/stellar/wallet-backend/internal/integrationtests/fixtures.go:156.5,156.133 1 0
github.com/stellar/wallet-backend/internal/integrationtests/fixtures.go:156.133,158.6 1 0
github.com/stellar/wallet-backend/internal/integrationtests/fixtures.go:161.4,161.38 1 0
github.com/stellar/wallet-backend/internal/integrationtests/fixtures.go:164.3,176.17 3 0
github.com/stellar/wallet-backend/internal/integrationtests/fixtures.go:176.17,178.4 1 0
github.com/stellar/wallet-backend/internal/integrationtests/fixtures.go:179.3,179.43 1 0
github.com/stellar/wallet-backend/internal/integrationtests/fixtures.go:179.43,181.4 1 0
github.com/stellar/wallet-backend/internal/integrationtests/fixtures.go:182.3,182.112 1 0
github.com/stellar/wallet-backend/internal/integrationtests/fixtures.go:182.112,184.4 1 0
github.com/stellar/wallet-backend/internal/integrationtests/fixtures.go:185.3,185.35 1 0
github.com/stellar/wallet-backend/internal/integrationtests/fixtures.go:185.35,187.4 1 0
github.com/stellar/wallet-backend/internal/integrationtests/fixtures.go:191.2,192.16 2 0
github.com/stellar/wallet-backend/internal/integrationtests/fixtures.go:192.16,194.3 1 0
github.com/stellar/wallet-backend/internal/integrationtests/fixtures.go:195.2,196.16 2 0
github.com/stellar/wallet-backend/internal/integrationtests/fixtures.go:196.16,198.3 1 0
github.com/stellar/wallet-backend/internal/integrationtests/fixtures.go:201.2,202.16 2 0
github.com/stellar/wallet-backend/internal/integrationtests/fixtures.go:202.16,204.3 1 0
github.com/stellar/wallet-backend/internal/integrationtests/fixtures.go:206.2,206.40 1 0
github.com/stellar/wallet-backend/internal/integrationtests/helpers.go:20.133,31.9 8 0
github.com/stellar/wallet-backend/internal/integrationtests/helpers.go:32.20,33.103 1 0
github.com/stellar/wallet-backend/internal/integrationtests/helpers.go:35.27,36.95 1 0
github.com/stellar/wallet-backend/internal/integrationtests/helpers.go:38.29,40.21 2 0
github.com/stellar/wallet-backend/internal/integrationtests/helpers.go:40.21,41.36 1 0
github.com/stellar/wallet-backend/internal/integrationtests/helpers.go:41.36,43.5 1 0
github.com/stellar/wallet-backend/internal/integrationtests/helpers.go:45.3,45.13 1 0
github.com/stellar/wallet-backend/internal/integrationtests/helpers.go:49.139,52.16 2 0
github.com/stellar/wallet-backend/internal/integrationtests/helpers.go:52.16,56.18 4 0
github.com/stellar/wallet-backend/internal/integrationtests/helpers.go:56.18,58.5 1 0
github.com/stellar/wallet-backend/internal/integrationtests/helpers.go:60.4,60.27 1 0
github.com/stellar/wallet-backend/internal/integrationtests/helpers.go:61.33,62.47 1 0
github.com/stellar/wallet-backend/internal/integrationtests/helpers.go:63.32,64.15 1 0
github.com/stellar/wallet-backend/internal/integrationtests/helpers.go:65.31,67.36 2 0
github.com/stellar/wallet-backend/internal/integrationtests/helpers.go:68.12,69.76 1 0
github.com/stellar/wallet-backend/internal/integrationtests/helpers.go:79.2,79.21 1 0
github.com/stellar/wallet-backend/internal/integrationtests/helpers.go:79.21,81.3 1 0
github.com/stellar/wallet-backend/internal/integrationtests/helpers.go:82.2,82.12 1 0
github.com/stellar/wallet-backend/internal/integrationtests/helpers.go:85.57,87.16 2 0
github.com/stellar/wallet-backend/internal/integrationtests/helpers.go:87.16,89.3 1 0
github.com/stellar/wallet-backend/internal/integrationtests/helpers.go:91.2,94.8 1 0
github.com/stellar/wallet-backend/internal/integrationtests/integrationtests.go:37.52,51.29 2 0
github.com/stellar/wallet-backend/internal/integrationtests/integrationtests.go:51.29,52.21 1 0
github.com/stellar/wallet-backend/internal/integrationtests/integrationtests.go:52.21,54.4 1 0
github.com/stellar/wallet-backend/internal/integrationtests/integrationtests.go:57.2,57.12 1 0
github.com/stellar/wallet-backend/internal/integrationtests/integrationtests.go:72.60,79.16 5 0
github.com/stellar/wallet-backend/internal/integrationtests/integrationtests.go:79.16,81.3 1 0
github.com/stellar/wallet-backend/internal/integrationtests/integrationtests.go:82.2,85.16 3 0
github.com/stellar/wallet-backend/internal/integrationtests/integrationtests.go:85.16,87.3 1 0
github.com/stellar/wallet-backend/internal/integrationtests/integrationtests.go:88.2,102.16 7 0
github.com/stellar/wallet-backend/internal/integrationtests/integrationtests.go:102.16,104.3 1 0
github.com/stellar/wallet-backend/internal/integrationtests/integrationtests.go:105.2,106.56 2 0
github.com/stellar/wallet-backend/internal/integrationtests/integrationtests.go:106.56,108.22 2 0
github.com/stellar/wallet-backend/internal/integrationtests/integrationtests.go:108.22,110.4 1 0
github.com/stellar/wallet-backend/internal/integrationtests/integrationtests.go:111.3,111.53 1 0
github.com/stellar/wallet-backend/internal/integrationtests/integrationtests.go:113.2,119.16 5 0
github.com/stellar/wallet-backend/internal/integrationtests/integrationtests.go:119.16,121.3 1 0
github.com/stellar/wallet-backend/internal/integrationtests/integrationtests.go:124.2,127.37 4 0
github.com/stellar/wallet-backend/internal/integrationtests/integrationtests.go:127.37,129.22 2 0
github.com/stellar/wallet-backend/internal/integrationtests/integrationtests.go:129.22,131.4 1 0
github.com/stellar/wallet-backend/internal/integrationtests/integrationtests.go:132.3,136.22 4 0
github.com/stellar/wallet-backend/internal/integrationtests/integrationtests.go:136.22,138.4 1 0
github.com/stellar/wallet-backend/internal/integrationtests/integrationtests.go:139.3,141.120 2 0
github.com/stellar/wallet-backend/internal/integrationtests/integrationtests.go:145.2,148.16 4 0
github.com/stellar/wallet-backend/internal/integrationtests/integrationtests.go:148.16,150.3 1 0
github.com/stellar/wallet-backend/internal/integrationtests/integrationtests.go:153.2,156.37 4 0
github.com/stellar/wallet-backend/internal/integrationtests/integrationtests.go:156.37,160.17 4 0
github.com/stellar/wallet-backend/internal/integrationtests/integrationtests.go:160.17,162.4 1 0
github.com/stellar/wallet-backend/internal/integrationtests/integrationtests.go:163.3,164.43 2 0
github.com/stellar/wallet-backend/internal/integrationtests/integrationtests.go:164.43,166.4 1 0
github.com/stellar/wallet-backend/internal/integrationtests/integrationtests.go:167.3,167.23 1 0
github.com/stellar/wallet-backend/internal/integrationtests/integrationtests.go:171.2,174.30 4 0
github.com/stellar/wallet-backend/internal/integrationtests/integrationtests.go:174.30,175.150 1 0
github.com/stellar/wallet-backend/internal/integrationtests/integrationtests.go:175.150,177.4 1 0
github.com/stellar/wallet-backend/internal/integrationtests/integrationtests.go:178.3,178.78 1 0
github.com/stellar/wallet-backend/internal/integrationtests/integrationtests.go:183.2,183.12 1 0
github.com/stellar/wallet-backend/internal/integrationtests/integrationtests.go:186.135,189.56 2 0
github.com/stellar/wallet-backend/internal/integrationtests/integrationtests.go:189.56,191.17 2 0
github.com/stellar/wallet-backend/internal/integrationtests/integrationtests.go:191.17,193.4 1 0
github.com/stellar/wallet-backend/internal/integrationtests/integrationtests.go:195.3,195.52 1 0
github.com/stellar/wallet-backend/internal/integrationtests/integrationtests.go:195.52,198.12 3 0
github.com/stellar/wallet-backend/internal/integrationtests/integrationtests.go:201.3,202.17 2 0
github.com/stellar/wallet-backend/internal/integrationtests/integrationtests.go:202.17,204.4 1 0
github.com/stellar/wallet-backend/internal/integrationtests/integrationtests.go:205.3,205.59 1 0
github.com/stellar/wallet-backend/internal/integrationtests/integrationtests.go:205.59,207.4 1 0
github.com/stellar/wallet-backend/internal/integrationtests/integrationtests.go:210.2,210.26 1 0
github.com/stellar/wallet-backend/internal/integrationtests/integrationtests.go:214.153,217.49 2 0
github.com/stellar/wallet-backend/internal/integrationtests/integrationtests.go:217.49,233.3 9 0
github.com/stellar/wallet-backend/internal/integrationtests/integrationtests.go:236.80,237.49 1 0
github.com/stellar/wallet-backend/internal/integrationtests/integrationtests.go:237.49,247.82 6 0
github.com/stellar/wallet-backend/internal/integrationtests/integrationtests.go:247.82,253.4 5 0
github.com/stellar/wallet-backend/internal/integrationtests/integrationtests.go:254.3,254.117 1 0
github.com/stellar/wallet-backend/internal/integrationtests/integrationtests.go:259.164,274.2 10 0
github.com/stellar/wallet-backend/internal/integrationtests/integrationtests.go:277.63,278.16 1 0
github.com/stellar/wallet-backend/internal/integrationtests/integrationtests.go:278.16,279.63 1 0
github.com/stellar/wallet-backend/internal/integrationtests/integrationtests.go:283.104,284.40 1 0
github.com/stellar/wallet-backend/internal/integrationtests/integrationtests.go:284.40,286.3 1 0
github.com/stellar/wallet-backend/internal/integrationtests/integrationtests.go:288.2,306.8 3 0
github.com/stellar/wallet-backend/internal/integrationtests/utils.go:9.62,11.16 2 0
github.com/stellar/wallet-backend/internal/integrationtests/utils.go:11.16,13.3 1 0
github.com/stellar/wallet-backend/internal/integrationtests/utils.go:15.2,16.9 2 0
github.com/stellar/wallet-backend/internal/integrationtests/utils.go:16.9,18.3 1 0
github.com/stellar/wallet-backend/internal/integrationtests/utils.go:19.2,19.16 1 0
github.com/stellar/wallet-backend/internal/integrationtests/utils.go:22.76,24.16 2 0
github.com/stellar/wallet-backend/internal/integrationtests/utils.go:24.16,26.3 1 0
github.com/stellar/wallet-backend/internal/integrationtests/utils.go:28.2,29.9 2 0
github.com/stellar/wallet-backend/internal/integrationtests/utils.go:29.9,31.3 1 0
github.com/stellar/wallet-backend/internal/integrationtests/utils.go:32.2,32.23 1 0
github.com/stellar/wallet-backend/internal/integrationtests/utils.go:36.45,38.16 2 0
github.com/stellar/wallet-backend/internal/integrationtests/utils.go:38.16,40.3 1 0
github.com/stellar/wallet-backend/internal/integrationtests/utils.go:42.2,42.57 1 0
github.com/stellar/wallet-backend/internal/integrationtests/utils.go:42.57,44.26 2 0
github.com/stellar/wallet-backend/internal/integrationtests/utils.go:44.26,46.4 1 0
github.com/stellar/wallet-backend/internal/integrationtests/utils.go:47.3,47.16 1 0
github.com/stellar/wallet-backend/internal/integrationtests/utils.go:50.2,50.43 1 0
github.com/stellar/wallet-backend/internal/integrationtests/utils.go:50.43,52.3 1 0
github.com/stellar/wallet-backend/internal/integrationtests/utils.go:52.8,52.53 1 0
github.com/stellar/wallet-backend/internal/integrationtests/utils.go:52.53,54.3 1 0
github.com/stellar/wallet-backend/internal/integrationtests/utils.go:56.2,56.43 1 0
github.com/stellar/wallet-backend/internal/serve/serve.go:113.31,116.16 3 0
github.com/stellar/wallet-backend/internal/serve/serve.go:116.16,118.3 1 0
github.com/stellar/wallet-backend/internal/serve/serve.go:120.2,124.22 2 0
github.com/stellar/wallet-backend/internal/serve/serve.go:124.22,127.4 2 0
github.com/stellar/wallet-backend/internal/serve/serve.go:128.22,134.4 5 0
github.com/stellar/wallet-backend/internal/serve/serve.go:137.2,137.12 1 0
github.com/stellar/wallet-backend/internal/serve/serve.go:140.77,142.16 2 0
github.com/stellar/wallet-backend/internal/serve/serve.go:142.16,144.3 1 0
github.com/stellar/wallet-backend/internal/serve/serve.go:145.2,146.16 2 0
github.com/stellar/wallet-backend/internal/serve/serve.go:146.16,148.3 1 0
github.com/stellar/wallet-backend/internal/serve/serve.go:149.2,151.16 3 0
github.com/stellar/wallet-backend/internal/serve/serve.go:151.16,153.3 1 0
github.com/stellar/wallet-backend/internal/serve/serve.go:155.2,156.16 2 0
github.com/stellar/wallet-backend/internal/serve/serve.go:156.16,158.3 1 0
github.com/stellar/wallet-backend/internal/serve/serve.go:160.2,162.16 3 0
github.com/stellar/wallet-backend/internal/serve/serve.go:162.16,164.3 1 0
github.com/stellar/wallet-backend/internal/serve/serve.go:165.2,170.16 4 0
github.com/stellar/wallet-backend/internal/serve/serve.go:170.16,172.3 1 0
github.com/stellar/wallet-backend/internal/serve/serve.go:174.2,183.16 2 0
github.com/stellar/wallet-backend/internal/serve/serve.go:183.16,185.3 1 0
github.com/stellar/wallet-backend/internal/serve/serve.go:187.2,188.16 2 0
github.com/stellar/wallet-backend/internal/serve/serve.go:188.16,190.3 1 0
github.com/stellar/wallet-backend/internal/serve/serve.go:193.2,201.16 2 0
github.com/stellar/wallet-backend/internal/serve/serve.go:201.16,203.3 1 0
github.com/stellar/wallet-backend/internal/serve/serve.go:205.2,206.16 2 0
github.com/stellar/wallet-backend/internal/serve/serve.go:206.16,208.3 1 0
github.com/stellar/wallet-backend/internal/serve/serve.go:209.2,266.16 12 0
github.com/stellar/wallet-backend/internal/serve/serve.go:266.16,268.3 1 0
github.com/stellar/wallet-backend/internal/serve/serve.go:270.2,279.16 2 0
github.com/stellar/wallet-backend/internal/serve/serve.go:279.16,281.3 1 0
github.com/stellar/wallet-backend/internal/serve/serve.go:282.2,303.8 2 0
github.com/stellar/wallet-backend/internal/serve/serve.go:306.82,310.21 3 0
github.com/stellar/wallet-backend/internal/serve/serve.go:310.21,312.3 1 0
github.com/stellar/wallet-backend/internal/serve/serve.go:315.134,318.16 3 0
github.com/stellar/wallet-backend/internal/serve/serve.go:318.16,321.3 2 0
github.com/stellar/wallet-backend/internal/serve/serve.go:322.2,322.112 1 0
github.com/stellar/wallet-backend/internal/serve/serve.go:325.45,338.31 8 0
github.com/stellar/wallet-backend/internal/serve/serve.go:338.31,341.43 2 0
github.com/stellar/wallet-backend/internal/serve/serve.go:341.43,351.4 3 0
github.com/stellar/wallet-backend/internal/serve/serve.go:353.3,353.43 1 0
github.com/stellar/wallet-backend/internal/serve/serve.go:353.43,360.4 2 0
github.com/stellar/wallet-backend/internal/serve/serve.go:362.3,362.37 1 0
github.com/stellar/wallet-backend/internal/serve/serve.go:362.37,372.4 3 0
github.com/stellar/wallet-backend/internal/serve/serve.go:374.3,374.38 1 0
github.com/stellar/wallet-backend/internal/serve/serve.go:374.38,387.4 4 0
github.com/stellar/wallet-backend/internal/serve/serve.go:390.2,390.12 1 0
github.com/stellar/wallet-backend/internal/entities/rpc.go:128.74,135.51 3 1
github.com/stellar/wallet-backend/internal/entities/rpc.go:135.51,137.3 1 0
github.com/stellar/wallet-backend/internal/entities/rpc.go:139.2,140.32 2 1
github.com/stellar/wallet-backend/internal/entities/rpc.go:140.32,141.67 1 1
github.com/stellar/wallet-backend/internal/entities/rpc.go:141.67,143.4 1 0
github.com/stellar/wallet-backend/internal/entities/rpc.go:146.2,147.68 2 1
github.com/stellar/wallet-backend/internal/entities/rpc.go:147.68,149.3 1 0
github.com/stellar/wallet-backend/internal/entities/rpc.go:150.2,152.12 2 1
github.com/stellar/wallet-backend/internal/entities/rpc.go:155.70,163.30 2 1
github.com/stellar/wallet-backend/internal/entities/rpc.go:163.30,165.17 2 1
github.com/stellar/wallet-backend/internal/entities/rpc.go:165.17,167.4 1 0
github.com/stellar/wallet-backend/internal/entities/rpc.go:168.3,168.27 1 1
github.com/stellar/wallet-backend/internal/entities/rpc.go:171.2,172.16 2 1
github.com/stellar/wallet-backend/internal/entities/rpc.go:172.16,174.3 1 0
github.com/stellar/wallet-backend/internal/entities/rpc.go:175.2,178.26 2 1
github.com/stellar/wallet-backend/internal/entities/rpc.go:188.63,195.51 3 1
github.com/stellar/wallet-backend/internal/entities/rpc.go:195.51,197.3 1 0
github.com/stellar/wallet-backend/internal/entities/rpc.go:199.2,199.31 1 1
github.com/stellar/wallet-backend/internal/entities/rpc.go:199.31,201.79 2 1
github.com/stellar/wallet-backend/internal/entities/rpc.go:201.79,203.4 1 0
github.com/stellar/wallet-backend/internal/entities/rpc.go:204.3,204.29 1 1
github.com/stellar/wallet-backend/internal/entities/rpc.go:208.2,210.12 2 1
github.com/stellar/wallet-backend/internal/entities/rpc.go:213.59,221.39 2 1
github.com/stellar/wallet-backend/internal/entities/rpc.go:221.39,223.17 2 1
github.com/stellar/wallet-backend/internal/entities/rpc.go:223.17,225.4 1 0
github.com/stellar/wallet-backend/internal/entities/rpc.go:226.3,226.46 1 1
github.com/stellar/wallet-backend/internal/entities/rpc.go:230.2,230.26 1 1
github.com/stellar/wallet-backend/internal/entities/rpc.go:248.73,262.51 3 1
github.com/stellar/wallet-backend/internal/entities/rpc.go:262.51,264.3 1 0
github.com/stellar/wallet-backend/internal/entities/rpc.go:267.2,267.31 1 1
github.com/stellar/wallet-backend/internal/entities/rpc.go:267.31,269.79 2 1
github.com/stellar/wallet-backend/internal/entities/rpc.go:269.79,271.4 1 0
github.com/stellar/wallet-backend/internal/entities/rpc.go:272.3,272.29 1 1
github.com/stellar/wallet-backend/internal/entities/rpc.go:276.2,283.12 8 1
github.com/stellar/wallet-backend/internal/entities/rpc.go:286.69,305.39 2 1
github.com/stellar/wallet-backend/internal/entities/rpc.go:305.39,307.17 2 1
github.com/stellar/wallet-backend/internal/entities/rpc.go:307.17,309.4 1 0
github.com/stellar/wallet-backend/internal/entities/rpc.go:310.3,310.46 1 1
github.com/stellar/wallet-backend/internal/entities/rpc.go:313.2,313.39 1 1
github.com/stellar/wallet-backend/internal/entities/rpc.go:313.39,315.3 1 1
github.com/stellar/wallet-backend/internal/entities/rpc.go:318.2,318.26 1 1
github.com/stellar/wallet-backend/internal/entities/signer.go:22.60,25.28 2 1
github.com/stellar/wallet-backend/internal/entities/signer.go:25.28,26.31 1 1
github.com/stellar/wallet-backend/internal/entities/signer.go:26.31,27.31 1 1
github.com/stellar/wallet-backend/internal/entities/signer.go:27.31,29.5 1 1
github.com/stellar/wallet-backend/internal/entities/signer.go:29.10,29.44 1 1
github.com/stellar/wallet-backend/internal/entities/signer.go:29.44,31.5 1 1
github.com/stellar/wallet-backend/internal/entities/signer.go:36.2,36.29 1 1
github.com/stellar/wallet-backend/internal/entities/signer.go:36.29,38.3 1 1
github.com/stellar/wallet-backend/internal/entities/signer.go:41.2,41.28 1 1
github.com/stellar/wallet-backend/internal/entities/signer.go:41.28,42.67 1 1
github.com/stellar/wallet-backend/internal/entities/signer.go:42.67,44.4 1 1
github.com/stellar/wallet-backend/internal/entities/signer.go:47.2,47.31 1 1
github.com/stellar/wallet-backend/internal/db/dbtest/dbtest.go:14.36,22.16 7 1
github.com/stellar/wallet-backend/internal/db/dbtest/dbtest.go:22.16,24.3 1 0
github.com/stellar/wallet-backend/internal/db/dbtest/dbtest.go:26.2,26.11 1 1
github.com/stellar/wallet-backend/internal/db/dbtest/dbtest.go:29.53,32.2 2 0
github.com/stellar/wallet-backend/internal/db/db.go:34.74,36.16 2 1
github.com/stellar/wallet-backend/internal/db/db.go:36.16,38.3 1 0
github.com/stellar/wallet-backend/internal/db/db.go:39.2,43.16 4 1
github.com/stellar/wallet-backend/internal/db/db.go:43.16,45.3 1 0
github.com/stellar/wallet-backend/internal/db/db.go:47.2,47.55 1 1
github.com/stellar/wallet-backend/internal/db/db.go:51.113,53.2 1 0
github.com/stellar/wallet-backend/internal/db/db.go:56.73,58.2 1 1
github.com/stellar/wallet-backend/internal/db/db.go:60.85,62.2 1 1
github.com/stellar/wallet-backend/internal/db/db.go:64.87,66.2 1 0
github.com/stellar/wallet-backend/internal/db/db.go:104.149,106.65 1 0
github.com/stellar/wallet-backend/internal/db/db.go:106.65,108.3 1 0
github.com/stellar/wallet-backend/internal/db/db.go:110.2,111.12 2 0
github.com/stellar/wallet-backend/internal/db/db.go:116.187,118.16 2 0
github.com/stellar/wallet-backend/internal/db/db.go:118.16,120.3 1 0
github.com/stellar/wallet-backend/internal/db/db.go:122.2,122.15 1 0
github.com/stellar/wallet-backend/internal/db/db.go:122.15,123.17 1 0
github.com/stellar/wallet-backend/internal/db/db.go:123.17,126.26 3 0
github.com/stellar/wallet-backend/internal/db/db.go:126.26,128.5 1 0
github.com/stellar/wallet-backend/internal/db/db.go:132.2,133.16 2 0
github.com/stellar/wallet-backend/internal/db/db.go:133.16,135.3 1 0
github.com/stellar/wallet-backend/internal/db/db.go:137.2,138.16 2 0
github.com/stellar/wallet-backend/internal/db/db.go:138.16,140.3 1 0
github.com/stellar/wallet-backend/internal/db/db.go:142.2,142.20 1 0
github.com/stellar/wallet-backend/internal/db/migrate.go:14.117,16.16 2 1
github.com/stellar/wallet-backend/internal/db/migrate.go:16.16,18.3 1 0
github.com/stellar/wallet-backend/internal/db/migrate.go:19.2,23.16 4 1
github.com/stellar/wallet-backend/internal/db/migrate.go:23.16,25.3 1 0
github.com/stellar/wallet-backend/internal/db/migrate.go:27.2,28.16 2 1
github.com/stellar/wallet-backend/internal/db/migrate.go:28.16,30.3 1 0
github.com/stellar/wallet-backend/internal/db/migrate.go:31.2,31.36 1 1
github.com/stellar/wallet-backend/cmd/channel_account.go:37.135,39.2 1 0
github.com/stellar/wallet-backend/cmd/channel_account.go:55.89,80.68 6 1
github.com/stellar/wallet-backend/cmd/channel_account.go:80.68,81.45 1 1
github.com/stellar/wallet-backend/cmd/channel_account.go:81.45,83.5 1 0
github.com/stellar/wallet-backend/cmd/channel_account.go:84.4,84.46 1 1
github.com/stellar/wallet-backend/cmd/channel_account.go:84.46,86.5 1 0
github.com/stellar/wallet-backend/cmd/channel_account.go:88.4,89.18 2 1
github.com/stellar/wallet-backend/cmd/channel_account.go:89.18,91.5 1 0
github.com/stellar/wallet-backend/cmd/channel_account.go:93.4,97.18 5 1
github.com/stellar/wallet-backend/cmd/channel_account.go:97.18,99.5 1 0
github.com/stellar/wallet-backend/cmd/channel_account.go:101.4,102.18 2 1
github.com/stellar/wallet-backend/cmd/channel_account.go:102.18,104.5 1 0
github.com/stellar/wallet-backend/cmd/channel_account.go:105.4,108.18 4 1
github.com/stellar/wallet-backend/cmd/channel_account.go:108.18,110.5 1 0
github.com/stellar/wallet-backend/cmd/channel_account.go:112.4,123.18 4 1
github.com/stellar/wallet-backend/cmd/channel_account.go:123.18,125.5 1 0
github.com/stellar/wallet-backend/cmd/channel_account.go:127.4,127.14 1 1
github.com/stellar/wallet-backend/cmd/channel_account.go:129.55,132.18 3 1
github.com/stellar/wallet-backend/cmd/channel_account.go:132.18,134.5 1 0
github.com/stellar/wallet-backend/cmd/channel_account.go:136.4,137.18 2 1
github.com/stellar/wallet-backend/cmd/channel_account.go:137.18,139.5 1 1
github.com/stellar/wallet-backend/cmd/channel_account.go:141.4,141.14 1 1
github.com/stellar/wallet-backend/cmd/channel_account.go:145.2,147.42 2 1
github.com/stellar/wallet-backend/cmd/channel_account.go:147.42,149.3 1 0
github.com/stellar/wallet-backend/cmd/channel_account.go:151.2,151.12 1 1
github.com/stellar/wallet-backend/cmd/distribution_account.go:28.59,37.2 3 0
github.com/stellar/wallet-backend/cmd/distribution_account.go:39.34,57.68 6 0
github.com/stellar/wallet-backend/cmd/distribution_account.go:57.68,58.45 1 0
github.com/stellar/wallet-backend/cmd/distribution_account.go:58.45,60.5 1 0
github.com/stellar/wallet-backend/cmd/distribution_account.go:62.4,62.46 1 0
github.com/stellar/wallet-backend/cmd/distribution_account.go:62.46,64.5 1 0
github.com/stellar/wallet-backend/cmd/distribution_account.go:66.4,67.18 2 0
github.com/stellar/wallet-backend/cmd/distribution_account.go:67.18,69.5 1 0
github.com/stellar/wallet-backend/cmd/distribution_account.go:71.4,72.18 2 0
github.com/stellar/wallet-backend/cmd/distribution_account.go:72.18,74.5 1 0
github.com/stellar/wallet-backend/cmd/distribution_account.go:76.4,77.18 2 0
github.com/stellar/wallet-backend/cmd/distribution_account.go:77.18,79.5 1 0
github.com/stellar/wallet-backend/cmd/distribution_account.go:81.4,81.14 1 0
github.com/stellar/wallet-backend/cmd/distribution_account.go:83.55,88.18 3 0
github.com/stellar/wallet-backend/cmd/distribution_account.go:88.18,90.5 1 0
github.com/stellar/wallet-backend/cmd/distribution_account.go:92.4,93.18 2 0
github.com/stellar/wallet-backend/cmd/distribution_account.go:93.18,95.5 1 0
github.com/stellar/wallet-backend/cmd/distribution_account.go:97.4,98.18 2 0
github.com/stellar/wallet-backend/cmd/distribution_account.go:98.18,99.64 1 0
github.com/stellar/wallet-backend/cmd/distribution_account.go:99.64,101.6 1 0
github.com/stellar/wallet-backend/cmd/distribution_account.go:102.5,102.70 1 0
github.com/stellar/wallet-backend/cmd/distribution_account.go:105.4,106.14 2 0
github.com/stellar/wallet-backend/cmd/distribution_account.go:110.2,112.42 2 0
github.com/stellar/wallet-backend/cmd/distribution_account.go:112.42,114.3 1 0
github.com/stellar/wallet-backend/cmd/distribution_account.go:116.2,116.12 1 0
github.com/stellar/wallet-backend/cmd/ingest.go:22.46,59.68 5 0
github.com/stellar/wallet-backend/cmd/ingest.go:59.68,60.45 1 0
github.com/stellar/wallet-backend/cmd/ingest.go:60.45,62.5 1 0
github.com/stellar/wallet-backend/cmd/ingest.go:63.4,63.46 1 0
github.com/stellar/wallet-backend/cmd/ingest.go:63.46,65.5 1 0
github.com/stellar/wallet-backend/cmd/ingest.go:66.4,67.18 2 0
github.com/stellar/wallet-backend/cmd/ingest.go:67.18,69.5 1 0
github.com/stellar/wallet-backend/cmd/ingest.go:70.4,78.14 3 0
github.com/stellar/wallet-backend/cmd/ingest.go:80.50,82.4 1 0
github.com/stellar/wallet-backend/cmd/ingest.go:83.57,85.4 1 0
github.com/stellar/wallet-backend/cmd/ingest.go:88.2,88.42 1 0
github.com/stellar/wallet-backend/cmd/ingest.go:88.42,90.3 1 0
github.com/stellar/wallet-backend/cmd/ingest.go:92.2,92.12 1 0
github.com/stellar/wallet-backend/cmd/ingest.go:95.51,97.16 2 0
github.com/stellar/wallet-backend/cmd/ingest.go:97.16,99.3 1 0
github.com/stellar/wallet-backend/cmd/ingest.go:100.2,100.12 1 0
github.com/stellar/wallet-backend/cmd/integrationtests.go:38.56,73.68 5 0
github.com/stellar/wallet-backend/cmd/integrationtests.go:73.68,74.45 1 0
github.com/stellar/wallet-backend/cmd/integrationtests.go:74.45,76.5 1 0
github.com/stellar/wallet-backend/cmd/integrationtests.go:77.4,77.46 1 0
github.com/stellar/wallet-backend/cmd/integrationtests.go:77.46,79.5 1 0
github.com/stellar/wallet-backend/cmd/integrationtests.go:81.4,84.18 3 0
github.com/stellar/wallet-backend/cmd/integrationtests.go:84.18,86.5 1 0
github.com/stellar/wallet-backend/cmd/integrationtests.go:88.4,91.18 4 0
github.com/stellar/wallet-backend/cmd/integrationtests.go:91.18,93.5 1 0
github.com/stellar/wallet-backend/cmd/integrationtests.go:95.4,96.18 2 0
github.com/stellar/wallet-backend/cmd/integrationtests.go:96.18,98.5 1 0
github.com/stellar/wallet-backend/cmd/integrationtests.go:99.4,103.18 4 0
github.com/stellar/wallet-backend/cmd/integrationtests.go:103.18,105.5 1 0
github.com/stellar/wallet-backend/cmd/integrationtests.go:107.4,108.18 2 0
github.com/stellar/wallet-backend/cmd/integrationtests.go:108.18,110.5 1 0
github.com/stellar/wallet-backend/cmd/integrationtests.go:111.4,116.18 3 0
github.com/stellar/wallet-backend/cmd/integrationtests.go:116.18,118.5 1 0
github.com/stellar/wallet-backend/cmd/integrationtests.go:120.4,129.18 2 0
github.com/stellar/wallet-backend/cmd/integrationtests.go:129.18,131.5 1 0
github.com/stellar/wallet-backend/cmd/integrationtests.go:133.4,133.14 1 0
github.com/stellar/wallet-backend/cmd/integrationtests.go:135.52,137.18 2 0
github.com/stellar/wallet-backend/cmd/integrationtests.go:137.18,139.5 1 0
github.com/stellar/wallet-backend/cmd/integrationtests.go:140.4,140.14 1 0
github.com/stellar/wallet-backend/cmd/integrationtests.go:144.2,144.42 1 0
github.com/stellar/wallet-backend/cmd/integrationtests.go:144.42,146.3 1 0
github.com/stellar/wallet-backend/cmd/integrationtests.go:148.2,148.12 1 0
github.com/stellar/wallet-backend/cmd/migrate.go:19.47,35.55 4 0
github.com/stellar/wallet-backend/cmd/migrate.go:35.55,37.4 1 0
github.com/stellar/wallet-backend/cmd/migrate.go:40.2,44.55 1 0
github.com/stellar/wallet-backend/cmd/migrate.go:44.55,46.4 1 0
github.com/stellar/wallet-backend/cmd/migrate.go:49.2,52.49 3 0
github.com/stellar/wallet-backend/cmd/migrate.go:52.49,54.3 1 0
github.com/stellar/wallet-backend/cmd/migrate.go:56.2,56.19 1 0
github.com/stellar/wallet-backend/cmd/migrate.go:59.97,61.19 2 0
github.com/stellar/wallet-backend/cmd/migrate.go:61.19,64.17 3 0
github.com/stellar/wallet-backend/cmd/migrate.go:64.17,66.4 1 0
github.com/stellar/wallet-backend/cmd/migrate.go:68.2,68.79 1 0
github.com/stellar/wallet-backend/cmd/migrate.go:68.79,70.3 1 0
github.com/stellar/wallet-backend/cmd/migrate.go:71.2,71.12 1 0
github.com/stellar/wallet-backend/cmd/migrate.go:74.99,76.16 2 0
github.com/stellar/wallet-backend/cmd/migrate.go:76.16,78.3 1 0
github.com/stellar/wallet-backend/cmd/migrate.go:79.2,79.81 1 0
github.com/stellar/wallet-backend/cmd/migrate.go:79.81,81.3 1 0
github.com/stellar/wallet-backend/cmd/migrate.go:82.2,82.12 1 0
github.com/stellar/wallet-backend/cmd/migrate.go:85.120,87.16 2 0
github.com/stellar/wallet-backend/cmd/migrate.go:87.16,89.3 1 0
github.com/stellar/wallet-backend/cmd/migrate.go:91.2,91.27 1 0
github.com/stellar/wallet-backend/cmd/migrate.go:91.27,93.3 1 0
github.com/stellar/wallet-backend/cmd/migrate.go:93.8,95.3 1 0
github.com/stellar/wallet-backend/cmd/migrate.go:96.2,96.12 1 0
github.com/stellar/wallet-backend/cmd/migrate.go:99.73,100.29 1 0
github.com/stellar/wallet-backend/cmd/migrate.go:100.29,102.3 1 0
github.com/stellar/wallet-backend/cmd/migrate.go:103.2,103.15 1 0
github.com/stellar/wallet-backend/cmd/mocks.go:19.34,23.19 3 1
github.com/stellar/wallet-backend/cmd/mocks.go:23.19,23.49 1 1
github.com/stellar/wallet-backend/cmd/mocks.go:25.2,25.13 1 1
github.com/stellar/wallet-backend/cmd/mocks.go:37.89,39.2 1 1
github.com/stellar/wallet-backend/cmd/mocks.go:42.152,45.19 2 1
github.com/stellar/wallet-backend/cmd/mocks.go:45.19,46.63 1 0
github.com/stellar/wallet-backend/cmd/mocks.go:49.2,50.107 2 1
github.com/stellar/wallet-backend/cmd/mocks.go:50.107,52.3 1 0
github.com/stellar/wallet-backend/cmd/mocks.go:52.8,54.3 1 1
github.com/stellar/wallet-backend/cmd/mocks.go:55.2,55.11 1 1
github.com/stellar/wallet-backend/cmd/mocks.go:67.192,69.2 1 1
github.com/stellar/wallet-backend/cmd/mocks.go:71.219,72.40 1 0
github.com/stellar/wallet-backend/cmd/mocks.go:72.40,74.3 1 0
github.com/stellar/wallet-backend/cmd/mocks.go:75.2,75.11 1 0
github.com/stellar/wallet-backend/cmd/mocks.go:78.143,81.2 2 1
github.com/stellar/wallet-backend/cmd/mocks.go:83.234,86.2 2 0
github.com/stellar/wallet-backend/cmd/root.go:21.47,23.17 2 0
github.com/stellar/wallet-backend/cmd/root.go:23.17,25.4 1 0
github.com/stellar/wallet-backend/cmd/root.go:31.30,34.16 3 0
github.com/stellar/wallet-backend/cmd/root.go:34.16,35.55 1 0
github.com/stellar/wallet-backend/cmd/root.go:39.27,42.2 2 0
github.com/stellar/wallet-backend/cmd/root.go:44.31,55.2 9 0
github.com/stellar/wallet-backend/cmd/serve.go:22.45,101.68 7 0
github.com/stellar/wallet-backend/cmd/serve.go:101.68,102.45 1 0
github.com/stellar/wallet-backend/cmd/serve.go:102.45,104.5 1 0
github.com/stellar/wallet-backend/cmd/serve.go:105.4,105.46 1 0
github.com/stellar/wallet-backend/cmd/serve.go:105.46,107.5 1 0
github.com/stellar/wallet-backend/cmd/serve.go:109.4,110.18 2 0
github.com/stellar/wallet-backend/cmd/serve.go:110.18,112.5 1 0
github.com/stellar/wallet-backend/cmd/serve.go:114.4,117.18 4 0
github.com/stellar/wallet-backend/cmd/serve.go:117.18,119.5 1 0
github.com/stellar/wallet-backend/cmd/serve.go:120.4,122.18 3 0
github.com/stellar/wallet-backend/cmd/serve.go:122.18,124.5 1 0
github.com/stellar/wallet-backend/cmd/serve.go:125.4,128.18 3 0
github.com/stellar/wallet-backend/cmd/serve.go:128.18,130.5 1 0
github.com/stellar/wallet-backend/cmd/serve.go:131.4,133.14 2 0
github.com/stellar/wallet-backend/cmd/serve.go:135.50,137.4 1 0
github.com/stellar/wallet-backend/cmd/serve.go:140.2,140.42 1 0
github.com/stellar/wallet-backend/cmd/serve.go:140.42,142.3 1 0
github.com/stellar/wallet-backend/cmd/serve.go:144.2,144.12 1 0
github.com/stellar/wallet-backend/cmd/serve.go:147.49,149.16 2 0
github.com/stellar/wallet-backend/cmd/serve.go:149.16,151.3 1 0
github.com/stellar/wallet-backend/cmd/serve.go:152.2,152.12 1 0
github.com/stellar/wallet-backend/internal/apptracker/mocks.go:13.58,15.2 1 0
github.com/stellar/wallet-backend/internal/apptracker/mocks.go:17.61,19.2 1 0
github.com/stellar/wallet-backend/internal/ingest/ingest.go:38.32,42.16 3 0
github.com/stellar/wallet-backend/internal/ingest/ingest.go:42.16,44.3 1 0
github.com/stellar/wallet-backend/internal/ingest/ingest.go:46.2,46.94 1 0
github.com/stellar/wallet-backend/internal/ingest/ingest.go:46.94,48.3 1 0
github.com/stellar/wallet-backend/internal/ingest/ingest.go:50.2,50.12 1 0
github.com/stellar/wallet-backend/internal/ingest/ingest.go:53.61,55.16 2 0
github.com/stellar/wallet-backend/internal/ingest/ingest.go:55.16,57.3 1 0
github.com/stellar/wallet-backend/internal/ingest/ingest.go:58.2,59.16 2 0
github.com/stellar/wallet-backend/internal/ingest/ingest.go:59.16,61.3 1 0
github.com/stellar/wallet-backend/internal/ingest/ingest.go:62.2,64.16 3 0
github.com/stellar/wallet-backend/internal/ingest/ingest.go:64.16,66.3 1 0
github.com/stellar/wallet-backend/internal/ingest/ingest.go:67.2,69.16 3 0
github.com/stellar/wallet-backend/internal/ingest/ingest.go:69.16,71.3 1 0
github.com/stellar/wallet-backend/internal/ingest/ingest.go:72.2,74.16 3 0
github.com/stellar/wallet-backend/internal/ingest/ingest.go:74.16,76.3 1 0
github.com/stellar/wallet-backend/internal/ingest/ingest.go:77.2,85.16 4 0
github.com/stellar/wallet-backend/internal/ingest/ingest.go:85.16,87.3 1 0
github.com/stellar/wallet-backend/internal/ingest/ingest.go:89.2,90.12 2 0
github.com/stellar/wallet-backend/internal/ingest/ingest.go:90.12,92.17 2 0
github.com/stellar/wallet-backend/internal/ingest/ingest.go:92.17,94.4 1 0
github.com/stellar/wallet-backend/internal/ingest/ingest.go:97.2,97.27 1 0
github.com/stellar/wallet-backend/internal/integrationtests/fixtures.go:28.58,37.16 3 0
github.com/stellar/wallet-backend/internal/integrationtests/fixtures.go:37.16,39.3 1 0
github.com/stellar/wallet-backend/internal/integrationtests/fixtures.go:40.2,41.16 2 0
github.com/stellar/wallet-backend/internal/integrationtests/fixtures.go:41.16,43.3 1 0
github.com/stellar/wallet-backend/internal/integrationtests/fixtures.go:45.2,45.32 1 0
github.com/stellar/wallet-backend/internal/integrationtests/fixtures.go:49.87,51.16 2 0
github.com/stellar/wallet-backend/internal/integrationtests/fixtures.go:51.16,53.3 1 0
github.com/stellar/wallet-backend/internal/integrationtests/fixtures.go:55.2,55.66 1 0
github.com/stellar/wallet-backend/internal/integrationtests/fixtures.go:59.82,63.16 4 0
github.com/stellar/wallet-backend/internal/integrationtests/fixtures.go:63.16,65.3 1 0
github.com/stellar/wallet-backend/internal/integrationtests/fixtures.go:67.2,68.16 2 0
github.com/stellar/wallet-backend/internal/integrationtests/fixtures.go:68.16,70.3 1 0
github.com/stellar/wallet-backend/internal/integrationtests/fixtures.go:71.2,103.34 3 0
github.com/stellar/wallet-backend/internal/integrationtests/fixtures.go:108.127,111.16 2 0
github.com/stellar/wallet-backend/internal/integrationtests/fixtures.go:111.16,113.3 1 0
github.com/stellar/wallet-backend/internal/integrationtests/fixtures.go:114.2,128.16 5 0
github.com/stellar/wallet-backend/internal/integrationtests/fixtures.go:128.16,130.3 1 0
github.com/stellar/wallet-backend/internal/integrationtests/fixtures.go:131.2,132.16 2 0
github.com/stellar/wallet-backend/internal/integrationtests/fixtures.go:132.16,134.3 1 0
github.com/stellar/wallet-backend/internal/integrationtests/fixtures.go:136.2,137.16 2 0
github.com/stellar/wallet-backend/internal/integrationtests/fixtures.go:137.16,139.3 1 0
github.com/stellar/wallet-backend/internal/integrationtests/fixtures.go:140.2,140.34 1 0
github.com/stellar/wallet-backend/internal/integrationtests/fixtures.go:140.34,142.3 1 0
github.com/stellar/wallet-backend/internal/integrationtests/fixtures.go:145.2,145.39 1 0
github.com/stellar/wallet-backend/internal/integrationtests/fixtures.go:145.39,148.51 3 0
github.com/stellar/wallet-backend/internal/integrationtests/fixtures.go:148.51,150.37 2 0
github.com/stellar/wallet-backend/internal/integrationtests/fixtures.go:150.37,153.19 3 0
github.com/stellar/wallet-backend/internal/integrationtests/fixtures.go:153.19,155.6 1 0
github.com/stellar/wallet-backend/internal/integrationtests/fixtures.go:156.5,156.133 1 0
github.com/stellar/wallet-backend/internal/integrationtests/fixtures.go:156.133,158.6 1 0
github.com/stellar/wallet-backend/internal/integrationtests/fixtures.go:161.4,161.38 1 0
github.com/stellar/wallet-backend/internal/integrationtests/fixtures.go:164.3,176.17 3 0
github.com/stellar/wallet-backend/internal/integrationtests/fixtures.go:176.17,178.4 1 0
github.com/stellar/wallet-backend/internal/integrationtests/fixtures.go:179.3,179.43 1 0
github.com/stellar/wallet-backend/internal/integrationtests/fixtures.go:179.43,181.4 1 0
github.com/stellar/wallet-backend/internal/integrationtests/fixtures.go:182.3,182.112 1 0
github.com/stellar/wallet-backend/internal/integrationtests/fixtures.go:182.112,184.4 1 0
github.com/stellar/wallet-backend/internal/integrationtests/fixtures.go:185.3,185.35 1 0
github.com/stellar/wallet-backend/internal/integrationtests/fixtures.go:185.35,187.4 1 0
github.com/stellar/wallet-backend/internal/integrationtests/fixtures.go:191.2,192.16 2 0
github.com/stellar/wallet-backend/internal/integrationtests/fixtures.go:192.16,194.3 1 0
github.com/stellar/wallet-backend/internal/integrationtests/fixtures.go:195.2,196.16 2 0
github.com/stellar/wallet-backend/internal/integrationtests/fixtures.go:196.16,198.3 1 0
github.com/stellar/wallet-backend/internal/integrationtests/fixtures.go:201.2,202.16 2 0
github.com/stellar/wallet-backend/internal/integrationtests/fixtures.go:202.16,204.3 1 0
github.com/stellar/wallet-backend/internal/integrationtests/fixtures.go:206.2,206.40 1 0
github.com/stellar/wallet-backend/internal/integrationtests/helpers.go:20.133,31.9 8 0
github.com/stellar/wallet-backend/internal/integrationtests/helpers.go:32.20,33.103 1 0
github.com/stellar/wallet-backend/internal/integrationtests/helpers.go:35.27,36.95 1 0
github.com/stellar/wallet-backend/internal/integrationtests/helpers.go:38.29,40.21 2 0
github.com/stellar/wallet-backend/internal/integrationtests/helpers.go:40.21,41.36 1 0
github.com/stellar/wallet-backend/internal/integrationtests/helpers.go:41.36,43.5 1 0
github.com/stellar/wallet-backend/internal/integrationtests/helpers.go:45.3,45.13 1 0
github.com/stellar/wallet-backend/internal/integrationtests/helpers.go:49.139,52.16 2 0
github.com/stellar/wallet-backend/internal/integrationtests/helpers.go:52.16,56.18 4 0
github.com/stellar/wallet-backend/internal/integrationtests/helpers.go:56.18,58.5 1 0
github.com/stellar/wallet-backend/internal/integrationtests/helpers.go:60.4,60.27 1 0
github.com/stellar/wallet-backend/internal/integrationtests/helpers.go:61.33,62.47 1 0
github.com/stellar/wallet-backend/internal/integrationtests/helpers.go:63.32,64.15 1 0
github.com/stellar/wallet-backend/internal/integrationtests/helpers.go:65.31,67.36 2 0
github.com/stellar/wallet-backend/internal/integrationtests/helpers.go:68.12,69.76 1 0
github.com/stellar/wallet-backend/internal/integrationtests/helpers.go:79.2,79.21 1 0
github.com/stellar/wallet-backend/internal/integrationtests/helpers.go:79.21,81.3 1 0
github.com/stellar/wallet-backend/internal/integrationtests/helpers.go:82.2,82.12 1 0
github.com/stellar/wallet-backend/internal/integrationtests/helpers.go:85.57,87.16 2 0
github.com/stellar/wallet-backend/internal/integrationtests/helpers.go:87.16,89.3 1 0
github.com/stellar/wallet-backend/internal/integrationtests/helpers.go:91.2,94.8 1 0
github.com/stellar/wallet-backend/internal/integrationtests/integrationtests.go:37.52,51.29 2 0
github.com/stellar/wallet-backend/internal/integrationtests/integrationtests.go:51.29,52.21 1 0
github.com/stellar/wallet-backend/internal/integrationtests/integrationtests.go:52.21,54.4 1 0
github.com/stellar/wallet-backend/internal/integrationtests/integrationtests.go:57.2,57.12 1 0
github.com/stellar/wallet-backend/internal/integrationtests/integrationtests.go:72.60,79.16 5 0
github.com/stellar/wallet-backend/internal/integrationtests/integrationtests.go:79.16,81.3 1 0
github.com/stellar/wallet-backend/internal/integrationtests/integrationtests.go:82.2,85.16 3 0
github.com/stellar/wallet-backend/internal/integrationtests/integrationtests.go:85.16,87.3 1 0
github.com/stellar/wallet-backend/internal/integrationtests/integrationtests.go:88.2,102.16 7 0
github.com/stellar/wallet-backend/internal/integrationtests/integrationtests.go:102.16,104.3 1 0
github.com/stellar/wallet-backend/internal/integrationtests/integrationtests.go:105.2,106.56 2 0
github.com/stellar/wallet-backend/internal/integrationtests/integrationtests.go:106.56,108.22 2 0
github.com/stellar/wallet-backend/internal/integrationtests/integrationtests.go:108.22,110.4 1 0
github.com/stellar/wallet-backend/internal/integrationtests/integrationtests.go:111.3,111.53 1 0
github.com/stellar/wallet-backend/internal/integrationtests/integrationtests.go:113.2,119.16 5 0
github.com/stellar/wallet-backend/internal/integrationtests/integrationtests.go:119.16,121.3 1 0
github.com/stellar/wallet-backend/internal/integrationtests/integrationtests.go:124.2,127.37 4 0
github.com/stellar/wallet-backend/internal/integrationtests/integrationtests.go:127.37,129.22 2 0
github.com/stellar/wallet-backend/internal/integrationtests/integrationtests.go:129.22,131.4 1 0
github.com/stellar/wallet-backend/internal/integrationtests/integrationtests.go:132.3,136.22 4 0
github.com/stellar/wallet-backend/internal/integrationtests/integrationtests.go:136.22,138.4 1 0
github.com/stellar/wallet-backend/internal/integrationtests/integrationtests.go:139.3,141.120 2 0
github.com/stellar/wallet-backend/internal/integrationtests/integrationtests.go:145.2,148.16 4 0
github.com/stellar/wallet-backend/internal/integrationtests/integrationtests.go:148.16,150.3 1 0
github.com/stellar/wallet-backend/internal/integrationtests/integrationtests.go:153.2,156.37 4 0
github.com/stellar/wallet-backend/internal/integrationtests/integrationtests.go:156.37,160.17 4 0
github.com/stellar/wallet-backend/internal/integrationtests/integrationtests.go:160.17,162.4 1 0
github.com/stellar/wallet-backend/internal/integrationtests/integrationtests.go:163.3,164.43 2 0
github.com/stellar/wallet-backend/internal/integrationtests/integrationtests.go:164.43,166.4 1 0
github.com/stellar/wallet-backend/internal/integrationtests/integrationtests.go:167.3,167.23 1 0
github.com/stellar/wallet-backend/internal/integrationtests/integrationtests.go:171.2,174.30 4 0
github.com/stellar/wallet-backend/internal/integrationtests/integrationtests.go:174.30,175.150 1 0
github.com/stellar/wallet-backend/internal/integrationtests/integrationtests.go:175.150,177.4 1 0
github.com/stellar/wallet-backend/internal/integrationtests/integrationtests.go:178.3,178.78 1 0
github.com/stellar/wallet-backend/internal/integrationtests/integrationtests.go:183.2,183.12 1 0
github.com/stellar/wallet-backend/internal/integrationtests/integrationtests.go:186.135,189.56 2 0
github.com/stellar/wallet-backend/internal/integrationtests/integrationtests.go:189.56,191.17 2 0
github.com/stellar/wallet-backend/internal/integrationtests/integrationtests.go:191.17,193.4 1 0
github.com/stellar/wallet-backend/internal/integrationtests/integrationtests.go:195.3,195.52 1 0
github.com/stellar/wallet-backend/internal/integrationtests/integrationtests.go:195.52,198.12 3 0
github.com/stellar/wallet-backend/internal/integrationtests/integrationtests.go:201.3,202.17 2 0
github.com/stellar/wallet-backend/internal/integrationtests/integrationtests.go:202.17,204.4 1 0
github.com/stellar/wallet-backend/internal/integrationtests/integrationtests.go:205.3,205.59 1 0
github.com/stellar/wallet-backend/internal/integrationtests/integrationtests.go:205.59,207.4 1 0
github.com/stellar/wallet-backend/internal/integrationtests/integrationtests.go:210.2,210.26 1 0
github.com/stellar/wallet-backend/internal/integrationtests/integrationtests.go:214.153,217.49 2 0
github.com/stellar/wallet-backend/internal/integrationtests/integrationtests.go:217.49,233.3 9 0
github.com/stellar/wallet-backend/internal/integrationtests/integrationtests.go:236.80,237.49 1 0
github.com/stellar/wallet-backend/internal/integrationtests/integrationtests.go:237.49,247.82 6 0
github.com/stellar/wallet-backend/internal/integrationtests/integrationtests.go:247.82,253.4 5 0
github.com/stellar/wallet-backend/internal/integrationtests/integrationtests.go:254.3,254.117 1 0
github.com/stellar/wallet-backend/internal/integrationtests/integrationtests.go:259.164,274.2 10 0
github.com/stellar/wallet-backend/internal/integrationtests/integrationtests.go:277.63,278.16 1 0
github.com/stellar/wallet-backend/internal/integrationtests/integrationtests.go:278.16,279.63 1 0
github.com/stellar/wallet-backend/internal/integrationtests/integrationtests.go:283.104,284.40 1 0
github.com/stellar/wallet-backend/internal/integrationtests/integrationtests.go:284.40,286.3 1 0
github.com/stellar/wallet-backend/internal/integrationtests/integrationtests.go:288.2,306.8 3 0
github.com/stellar/wallet-backend/internal/integrationtests/utils.go:9.62,11.16 2 0
github.com/stellar/wallet-backend/internal/integrationtests/utils.go:11.16,13.3 1 0
github.com/stellar/wallet-backend/internal/integrationtests/utils.go:15.2,16.9 2 0
github.com/stellar/wallet-backend/internal/integrationtests/utils.go:16.9,18.3 1 0
github.com/stellar/wallet-backend/internal/integrationtests/utils.go:19.2,19.16 1 0
github.com/stellar/wallet-backend/internal/integrationtests/utils.go:22.76,24.16 2 0
github.com/stellar/wallet-backend/internal/integrationtests/utils.go:24.16,26.3 1 0
github.com/stellar/wallet-backend/internal/integrationtests/utils.go:28.2,29.9 2 0
github.com/stellar/wallet-backend/internal/integrationtests/utils.go:29.9,31.3 1 0
github.com/stellar/wallet-backend/internal/integrationtests/utils.go:32.2,32.23 1 0
github.com/stellar/wallet-backend/internal/integrationtests/utils.go:36.45,38.16 2 0
github.com/stellar/wallet-backend/internal/integrationtests/utils.go:38.16,40.3 1 0
github.com/stellar/wallet-backend/internal/integrationtests/utils.go:42.2,42.57 1 0
github.com/stellar/wallet-backend/internal/integrationtests/utils.go:42.57,44.26 2 0
github.com/stellar/wallet-backend/internal/integrationtests/utils.go:44.26,46.4 1 0
github.com/stellar/wallet-backend/internal/integrationtests/utils.go:47.3,47.16 1 0
github.com/stellar/wallet-backend/internal/integrationtests/utils.go:50.2,50.43 1 0
github.com/stellar/wallet-backend/internal/integrationtests/utils.go:50.43,52.3 1 0
github.com/stellar/wallet-backend/internal/integrationtests/utils.go:52.8,52.53 1 0
github.com/stellar/wallet-backend/internal/integrationtests/utils.go:52.53,54.3 1 0
github.com/stellar/wallet-backend/internal/integrationtests/utils.go:56.2,56.43 1 0
github.com/stellar/wallet-backend/internal/serve/serve.go:113.31,116.16 3 0
github.com/stellar/wallet-backend/internal/serve/serve.go:116.16,118.3 1 0
github.com/stellar/wallet-backend/internal/serve/serve.go:120.2,124.22 2 0
github.com/stellar/wallet-backend/internal/serve/serve.go:124.22,127.4 2 0
github.com/stellar/wallet-backend/internal/serve/serve.go:128.22,134.4 5 0
github.com/stellar/wallet-backend/internal/serve/serve.go:137.2,137.12 1 0
github.com/stellar/wallet-backend/internal/serve/serve.go:140.77,142.16 2 0
github.com/stellar/wallet-backend/internal/serve/serve.go:142.16,144.3 1 0
github.com/stellar/wallet-backend/internal/serve/serve.go:145.2,146.16 2 0
github.com/stellar/wallet-backend/internal/serve/serve.go:146.16,148.3 1 0
github.com/stellar/wallet-backend/internal/serve/serve.go:149.2,151.16 3 0
github.com/stellar/wallet-backend/internal/serve/serve.go:151.16,153.3 1 0
github.com/stellar/wallet-backend/internal/serve/serve.go:155.2,156.16 2 0
github.com/stellar/wallet-backend/internal/serve/serve.go:156.16,158.3 1 0
github.com/stellar/wallet-backend/internal/serve/serve.go:160.2,162.16 3 0
github.com/stellar/wallet-backend/internal/serve/serve.go:162.16,164.3 1 0
github.com/stellar/wallet-backend/internal/serve/serve.go:165.2,170.16 4 0
github.com/stellar/wallet-backend/internal/serve/serve.go:170.16,172.3 1 0
github.com/stellar/wallet-backend/internal/serve/serve.go:174.2,183.16 2 0
github.com/stellar/wallet-backend/internal/serve/serve.go:183.16,185.3 1 0
github.com/stellar/wallet-backend/internal/serve/serve.go:187.2,188.16 2 0
github.com/stellar/wallet-backend/internal/serve/serve.go:188.16,190.3 1 0
github.com/stellar/wallet-backend/internal/serve/serve.go:193.2,201.16 2 0
github.com/stellar/wallet-backend/internal/serve/serve.go:201.16,203.3 1 0
github.com/stellar/wallet-backend/internal/serve/serve.go:205.2,206.16 2 0
github.com/stellar/wallet-backend/internal/serve/serve.go:206.16,208.3 1 0
github.com/stellar/wallet-backend/internal/serve/serve.go:209.2,266.16 12 0
github.com/stellar/wallet-backend/internal/serve/serve.go:266.16,268.3 1 0
github.com/stellar/wallet-backend/internal/serve/serve.go:270.2,279.16 2 0
github.com/stellar/wallet-backend/internal/serve/serve.go:279.16,281.3 1 0
github.com/stellar/wallet-backend/internal/serve/serve.go:282.2,303.8 2 0
github.com/stellar/wallet-backend/internal/serve/serve.go:306.82,310.21 3 0
github.com/stellar/wallet-backend/internal/serve/serve.go:310.21,312.3 1 0
github.com/stellar/wallet-backend/internal/serve/serve.go:315.134,318.16 3 0
github.com/stellar/wallet-backend/internal/serve/serve.go:318.16,321.3 2 0
github.com/stellar/wallet-backend/internal/serve/serve.go:322.2,322.112 1 0
github.com/stellar/wallet-backend/internal/serve/serve.go:325.45,338.31 8 0
github.com/stellar/wallet-backend/internal/serve/serve.go:338.31,341.43 2 0
github.com/stellar/wallet-backend/internal/serve/serve.go:341.43,351.4 3 0
github.com/stellar/wallet-backend/internal/serve/serve.go:353.3,353.43 1 0
github.com/stellar/wallet-backend/internal/serve/serve.go:353.43,360.4 2 0
github.com/stellar/wallet-backend/internal/serve/serve.go:362.3,362.37 1 0
github.com/stellar/wallet-backend/internal/serve/serve.go:362.37,372.4 3 0
github.com/stellar/wallet-backend/internal/serve/serve.go:374.3,374.38 1 0
github.com/stellar/wallet-backend/internal/serve/serve.go:374.38,387.4 4 0
github.com/stellar/wallet-backend/internal/serve/serve.go:390.2,390.12 1 0
github.com/stellar/wallet-backend/internal/signing/awskms/mocks.go:14.80,16.24 2 0
github.com/stellar/wallet-backend/internal/signing/awskms/mocks.go:16.24,18.3 1 0
github.com/stellar/wallet-backend/internal/signing/awskms/mocks.go:19.2,19.56 1 0
github.com/stellar/wallet-backend/internal/signing/awskms/mocks.go:22.80,24.24 2 0
github.com/stellar/wallet-backend/internal/signing/awskms/mocks.go:24.24,26.3 1 0
github.com/stellar/wallet-backend/internal/signing/awskms/mocks.go:27.2,27.56 1 0
github.com/stellar/wallet-backend/internal/signing/awskms/utils.go:14.74,18.2 1 0
github.com/stellar/wallet-backend/internal/signing/awskms/utils.go:20.55,22.21 2 0
github.com/stellar/wallet-backend/internal/signing/awskms/utils.go:22.21,24.3 1 0
github.com/stellar/wallet-backend/internal/signing/awskms/utils.go:26.2,27.16 2 0
github.com/stellar/wallet-backend/internal/signing/awskms/utils.go:27.16,29.3 1 0
github.com/stellar/wallet-backend/internal/signing/awskms/utils.go:30.2,30.27 1 0
github.com/stellar/wallet-backend/internal/metrics/metrics.go:80.52,236.2 22 1
github.com/stellar/wallet-backend/internal/metrics/metrics.go:238.44,262.2 2 1
github.com/stellar/wallet-backend/internal/metrics/metrics.go:265.85,272.18 1 1
github.com/stellar/wallet-backend/internal/metrics/metrics.go:272.18,274.4 1 1
github.com/stellar/wallet-backend/internal/metrics/metrics.go:277.2,283.18 1 1
github.com/stellar/wallet-backend/internal/metrics/metrics.go:283.18,285.4 1 1
github.com/stellar/wallet-backend/internal/metrics/metrics.go:288.2,294.18 1 1
github.com/stellar/wallet-backend/internal/metrics/metrics.go:294.18,296.4 1 1
github.com/stellar/wallet-backend/internal/metrics/metrics.go:299.2,305.18 1 1
github.com/stellar/wallet-backend/internal/metrics/metrics.go:305.18,307.4 1 1
github.com/stellar/wallet-backend/internal/metrics/metrics.go:310.2,316.18 1 1
github.com/stellar/wallet-backend/internal/metrics/metrics.go:316.18,318.4 1 1
github.com/stellar/wallet-backend/internal/metrics/metrics.go:321.2,327.18 1 1
github.com/stellar/wallet-backend/internal/metrics/metrics.go:327.18,329.4 1 1
github.com/stellar/wallet-backend/internal/metrics/metrics.go:332.2,338.18 1 1
github.com/stellar/wallet-backend/internal/metrics/metrics.go:338.18,340.4 1 1
github.com/stellar/wallet-backend/internal/metrics/metrics.go:345.61,347.2 1 1
github.com/stellar/wallet-backend/internal/metrics/metrics.go:350.93,352.2 1 1
github.com/stellar/wallet-backend/internal/metrics/metrics.go:354.95,356.2 1 0
github.com/stellar/wallet-backend/internal/metrics/metrics.go:358.65,360.2 1 1
github.com/stellar/wallet-backend/internal/metrics/metrics.go:362.91,364.2 1 1
github.com/stellar/wallet-backend/internal/metrics/metrics.go:367.59,369.2 1 1
github.com/stellar/wallet-backend/internal/metrics/metrics.go:372.101,374.2 1 1
github.com/stellar/wallet-backend/internal/metrics/metrics.go:377.45,379.2 1 1
github.com/stellar/wallet-backend/internal/metrics/metrics.go:381.45,383.2 1 1
github.com/stellar/wallet-backend/internal/metrics/metrics.go:386.58,388.2 1 1
github.com/stellar/wallet-backend/internal/metrics/metrics.go:390.87,392.2 1 1
github.com/stellar/wallet-backend/internal/metrics/metrics.go:394.65,396.2 1 1
github.com/stellar/wallet-backend/internal/metrics/metrics.go:398.65,400.2 1 1
github.com/stellar/wallet-backend/internal/metrics/metrics.go:402.60,403.13 1 1
github.com/stellar/wallet-backend/internal/metrics/metrics.go:403.13,405.3 1 1
github.com/stellar/wallet-backend/internal/metrics/metrics.go:405.8,407.3 1 1
github.com/stellar/wallet-backend/internal/metrics/metrics.go:410.59,412.2 1 0
github.com/stellar/wallet-backend/internal/metrics/metrics.go:415.82,417.2 1 1
github.com/stellar/wallet-backend/internal/metrics/metrics.go:419.92,421.2 1 1
github.com/stellar/wallet-backend/internal/metrics/metrics.go:424.92,426.2 1 1
github.com/stellar/wallet-backend/internal/metrics/metrics.go:428.62,430.2 1 1
github.com/stellar/wallet-backend/internal/metrics/metrics.go:433.92,434.28 1 0
github.com/stellar/wallet-backend/internal/metrics/metrics.go:434.28,436.3 1 0
github.com/stellar/wallet-backend/internal/metrics/metrics.go:437.2,437.21 1 0
github.com/stellar/wallet-backend/internal/metrics/metrics.go:437.21,439.3 1 0
github.com/stellar/wallet-backend/internal/metrics/metrics.go:440.2,440.64 1 0
github.com/stellar/wallet-backend/internal/metrics/metrics.go:444.82,446.2 1 0
github.com/stellar/wallet-backend/internal/metrics/mocks.go:15.50,17.2 1 0
github.com/stellar/wallet-backend/internal/metrics/mocks.go:19.89,21.2 1 0
github.com/stellar/wallet-backend/internal/metrics/mocks.go:23.65,26.2 2 0
github.com/stellar/wallet-backend/internal/metrics/mocks.go:28.97,30.2 1 0
github.com/stellar/wallet-backend/internal/metrics/mocks.go:32.99,34.2 1 0
github.com/stellar/wallet-backend/internal/metrics/mocks.go:36.69,38.2 1 0
github.com/stellar/wallet-backend/internal/metrics/mocks.go:40.95,42.2 1 0
github.com/stellar/wallet-backend/internal/metrics/mocks.go:44.63,46.2 1 0
github.com/stellar/wallet-backend/internal/metrics/mocks.go:48.105,50.2 1 0
github.com/stellar/wallet-backend/internal/metrics/mocks.go:52.49,54.2 1 0
github.com/stellar/wallet-backend/internal/metrics/mocks.go:56.49,58.2 1 0
github.com/stellar/wallet-backend/internal/metrics/mocks.go:60.62,62.2 1 0
github.com/stellar/wallet-backend/internal/metrics/mocks.go:64.91,66.2 1 0
github.com/stellar/wallet-backend/internal/metrics/mocks.go:68.69,70.2 1 0
github.com/stellar/wallet-backend/internal/metrics/mocks.go:72.69,74.2 1 0
github.com/stellar/wallet-backend/internal/metrics/mocks.go:76.64,78.2 1 0
github.com/stellar/wallet-backend/internal/metrics/mocks.go:80.63,82.2 1 0
github.com/stellar/wallet-backend/internal/metrics/mocks.go:84.86,86.2 1 0
github.com/stellar/wallet-backend/internal/metrics/mocks.go:88.96,90.2 1 0
github.com/stellar/wallet-backend/internal/metrics/mocks.go:92.96,94.2 1 0
github.com/stellar/wallet-backend/internal/metrics/mocks.go:96.66,98.2 1 0
github.com/stellar/wallet-backend/internal/metrics/mocks.go:100.96,102.2 1 0
github.com/stellar/wallet-backend/internal/metrics/mocks.go:104.86,106.2 1 0
github.com/stellar/wallet-backend/cmd/utils/custom_set_value.go:20.66,22.2 1 0
github.com/stellar/wallet-backend/cmd/utils/custom_set_value.go:24.61,27.16 3 1
github.com/stellar/wallet-backend/cmd/utils/custom_set_value.go:27.16,29.3 1 1
github.com/stellar/wallet-backend/cmd/utils/custom_set_value.go:31.2,32.9 2 1
github.com/stellar/wallet-backend/cmd/utils/custom_set_value.go:32.9,34.3 1 0
github.com/stellar/wallet-backend/cmd/utils/custom_set_value.go:35.2,38.32 2 1
github.com/stellar/wallet-backend/cmd/utils/custom_set_value.go:38.32,41.3 2 1
github.com/stellar/wallet-backend/cmd/utils/custom_set_value.go:41.8,43.3 1 0
github.com/stellar/wallet-backend/cmd/utils/custom_set_value.go:45.2,45.12 1 1
github.com/stellar/wallet-backend/cmd/utils/custom_set_value.go:48.69,52.16 3 1
github.com/stellar/wallet-backend/cmd/utils/custom_set_value.go:52.16,54.3 1 1
github.com/stellar/wallet-backend/cmd/utils/custom_set_value.go:56.2,57.9 2 1
github.com/stellar/wallet-backend/cmd/utils/custom_set_value.go:57.9,59.3 1 0
github.com/stellar/wallet-backend/cmd/utils/custom_set_value.go:60.2,62.12 2 1
github.com/stellar/wallet-backend/cmd/utils/custom_set_value.go:65.73,68.25 3 1
github.com/stellar/wallet-backend/cmd/utils/custom_set_value.go:68.25,70.3 1 1
github.com/stellar/wallet-backend/cmd/utils/custom_set_value.go:71.2,75.39 4 1
github.com/stellar/wallet-backend/cmd/utils/custom_set_value.go:75.39,77.17 2 1
github.com/stellar/wallet-backend/cmd/utils/custom_set_value.go:77.17,79.4 1 1
github.com/stellar/wallet-backend/cmd/utils/custom_set_value.go:80.3,80.28 1 1
github.com/stellar/wallet-backend/cmd/utils/custom_set_value.go:83.2,84.9 2 1
github.com/stellar/wallet-backend/cmd/utils/custom_set_value.go:84.9,86.3 1 0
github.com/stellar/wallet-backend/cmd/utils/custom_set_value.go:88.2,89.19 2 1
github.com/stellar/wallet-backend/cmd/utils/custom_set_value.go:89.19,91.3 1 1
github.com/stellar/wallet-backend/cmd/utils/custom_set_value.go:92.2,95.12 3 1
github.com/stellar/wallet-backend/cmd/utils/custom_set_value.go:98.70,101.38 2 1
github.com/stellar/wallet-backend/cmd/utils/custom_set_value.go:101.38,103.3 1 0
github.com/stellar/wallet-backend/cmd/utils/custom_set_value.go:105.2,106.14 2 1
github.com/stellar/wallet-backend/cmd/utils/custom_set_value.go:106.14,108.3 1 1
github.com/stellar/wallet-backend/cmd/utils/custom_set_value.go:110.2,111.9 2 1
github.com/stellar/wallet-backend/cmd/utils/custom_set_value.go:111.9,113.3 1 0
github.com/stellar/wallet-backend/cmd/utils/custom_set_value.go:114.2,116.12 2 1
github.com/stellar/wallet-backend/cmd/utils/custom_set_value.go:119.59,122.22 2 1
github.com/stellar/wallet-backend/cmd/utils/custom_set_value.go:122.22,124.3 1 1
github.com/stellar/wallet-backend/cmd/utils/custom_set_value.go:126.2,128.16 3 1
github.com/stellar/wallet-backend/cmd/utils/custom_set_value.go:128.16,130.3 1 1
github.com/stellar/wallet-backend/cmd/utils/custom_set_value.go:132.2,133.9 2 1
github.com/stellar/wallet-backend/cmd/utils/custom_set_value.go:133.9,135.3 1 0
github.com/stellar/wallet-backend/cmd/utils/custom_set_value.go:136.2,138.12 2 1
github.com/stellar/wallet-backend/cmd/utils/custom_set_value.go:141.76,145.18 3 0
github.com/stellar/wallet-backend/cmd/utils/custom_set_value.go:145.18,147.3 1 0
github.com/stellar/wallet-backend/cmd/utils/custom_set_value.go:149.2,150.18 2 0
github.com/stellar/wallet-backend/cmd/utils/custom_set_value.go:150.18,152.3 1 0
github.com/stellar/wallet-backend/cmd/utils/custom_set_value.go:154.2,155.9 2 0
github.com/stellar/wallet-backend/cmd/utils/custom_set_value.go:155.9,157.3 1 0
github.com/stellar/wallet-backend/cmd/utils/custom_set_value.go:158.2,160.12 2 0
github.com/stellar/wallet-backend/cmd/utils/global_options.go:14.64,23.2 1 0
github.com/stellar/wallet-backend/cmd/utils/global_options.go:25.67,35.2 1 0
github.com/stellar/wallet-backend/cmd/utils/global_options.go:37.66,46.2 1 0
github.com/stellar/wallet-backend/cmd/utils/global_options.go:48.70,57.2 1 0
github.com/stellar/wallet-backend/cmd/utils/global_options.go:59.57,68.2 1 0
github.com/stellar/wallet-backend/cmd/utils/global_options.go:70.59,79.2 1 0
github.com/stellar/wallet-backend/cmd/utils/global_options.go:81.87,89.2 1 0
github.com/stellar/wallet-backend/cmd/utils/global_options.go:91.62,99.2 1 0
github.com/stellar/wallet-backend/cmd/utils/global_options.go:101.71,109.2 1 0
github.com/stellar/wallet-backend/cmd/utils/global_options.go:111.81,120.2 1 0
github.com/stellar/wallet-backend/cmd/utils/global_options.go:122.82,131.2 1 0
github.com/stellar/wallet-backend/cmd/utils/global_options.go:133.116,143.2 1 0
github.com/stellar/wallet-backend/cmd/utils/global_options.go:145.61,154.2 1 0
github.com/stellar/wallet-backend/cmd/utils/global_options.go:156.59,165.2 1 0
github.com/stellar/wallet-backend/cmd/utils/global_options.go:167.100,186.2 2 0
github.com/stellar/wallet-backend/cmd/utils/global_options.go:188.102,195.2 6 0
github.com/stellar/wallet-backend/cmd/utils/password_prompter.go:23.58,25.16 2 0
github.com/stellar/wallet-backend/cmd/utils/password_prompter.go:25.16,27.3 1 0
github.com/stellar/wallet-backend/cmd/utils/password_prompter.go:29.2,30.16 2 0
github.com/stellar/wallet-backend/cmd/utils/password_prompter.go:30.16,32.3 1 0
github.com/stellar/wallet-backend/cmd/utils/password_prompter.go:33.2,34.16 2 0
github.com/stellar/wallet-backend/cmd/utils/password_prompter.go:34.16,36.3 1 0
github.com/stellar/wallet-backend/cmd/utils/password_prompter.go:38.2,38.30 1 0
github.com/stellar/wallet-backend/cmd/utils/password_prompter.go:41.123,42.18 1 0
github.com/stellar/wallet-backend/cmd/utils/password_prompter.go:42.18,44.3 1 0
github.com/stellar/wallet-backend/cmd/utils/password_prompter.go:46.2,46.19 1 0
github.com/stellar/wallet-backend/cmd/utils/password_prompter.go:46.19,48.3 1 0
github.com/stellar/wallet-backend/cmd/utils/password_prompter.go:50.2,51.26 2 0
github.com/stellar/wallet-backend/cmd/utils/password_prompter.go:51.26,53.3 1 0
github.com/stellar/wallet-backend/cmd/utils/password_prompter.go:55.2,59.8 1 0
github.com/stellar/wallet-backend/cmd/utils/tss_options.go:9.76,17.2 1 0
github.com/stellar/wallet-backend/cmd/utils/tss_options.go:19.76,27.2 1 0
github.com/stellar/wallet-backend/cmd/utils/tss_options.go:29.85,38.2 1 0
github.com/stellar/wallet-backend/cmd/utils/tss_options.go:40.85,49.2 1 0
github.com/stellar/wallet-backend/cmd/utils/tss_options.go:51.88,60.2 1 0
github.com/stellar/wallet-backend/cmd/utils/tss_options.go:62.88,71.2 1 0
github.com/stellar/wallet-backend/cmd/utils/tss_options.go:73.95,82.2 1 0
github.com/stellar/wallet-backend/cmd/utils/tss_options.go:84.95,93.2 1 0
github.com/stellar/wallet-backend/cmd/utils/tss_options.go:95.86,104.2 1 0
github.com/stellar/wallet-backend/cmd/utils/tss_options.go:106.88,115.2 1 0
github.com/stellar/wallet-backend/cmd/utils/tss_options.go:117.84,126.2 1 0
github.com/stellar/wallet-backend/cmd/utils/tss_options.go:128.82,137.2 1 0
github.com/stellar/wallet-backend/cmd/utils/tss_options.go:139.81,148.2 1 0
github.com/stellar/wallet-backend/cmd/utils/tss_options.go:150.91,159.2 1 0
github.com/stellar/wallet-backend/cmd/utils/utils.go:16.102,17.50 1 0
github.com/stellar/wallet-backend/cmd/utils/utils.go:17.50,18.44 1 0
github.com/stellar/wallet-backend/cmd/utils/utils.go:18.44,20.4 1 0
github.com/stellar/wallet-backend/cmd/utils/utils.go:21.3,21.45 1 0
github.com/stellar/wallet-backend/cmd/utils/utils.go:21.45,23.4 1 0
github.com/stellar/wallet-backend/cmd/utils/utils.go:24.3,24.13 1 0
github.com/stellar/wallet-backend/cmd/utils/utils.go:46.122,47.15 1 1
github.com/stellar/wallet-backend/cmd/utils/utils.go:47.15,48.17 1 1
github.com/stellar/wallet-backend/cmd/utils/utils.go:48.17,50.4 1 1
github.com/stellar/wallet-backend/cmd/utils/utils.go:53.2,53.34 1 1
github.com/stellar/wallet-backend/cmd/utils/utils.go:54.38,55.128 1 1
github.com/stellar/wallet-backend/cmd/utils/utils.go:56.38,58.17 2 1
github.com/stellar/wallet-backend/cmd/utils/utils.go:58.17,60.4 1 1
github.com/stellar/wallet-backend/cmd/utils/utils.go:62.3,68.4 1 1
github.com/stellar/wallet-backend/cmd/utils/utils.go:69.49,75.4 1 0
github.com/stellar/wallet-backend/cmd/utils/utils.go:78.2,78.51 1 1
github.com/stellar/wallet-backend/internal/signing/awskms/mocks.go:14.80,16.24 2 0
github.com/stellar/wallet-backend/internal/signing/awskms/mocks.go:16.24,18.3 1 0
github.com/stellar/wallet-backend/internal/signing/awskms/mocks.go:19.2,19.56 1 0
github.com/stellar/wallet-backend/internal/signing/awskms/mocks.go:22.80,24.24 2 0
github.com/stellar/wallet-backend/internal/signing/awskms/mocks.go:24.24,26.3 1 0
github.com/stellar/wallet-backend/internal/signing/awskms/mocks.go:27.2,27.56 1 0
github.com/stellar/wallet-backend/internal/signing/awskms/utils.go:14.74,18.2 1 0
github.com/stellar/wallet-backend/internal/signing/awskms/utils.go:20.55,22.21 2 1
github.com/stellar/wallet-backend/internal/signing/awskms/utils.go:22.21,24.3 1 1
github.com/stellar/wallet-backend/internal/signing/awskms/utils.go:26.2,27.16 2 1
github.com/stellar/wallet-backend/internal/signing/awskms/utils.go:27.16,29.3 1 0
github.com/stellar/wallet-backend/internal/signing/awskms/utils.go:30.2,30.27 1 1
github.com/stellar/wallet-backend/internal/signing/awskms/mocks.go:14.80,16.24 2 0
github.com/stellar/wallet-backend/internal/signing/awskms/mocks.go:16.24,18.3 1 0
github.com/stellar/wallet-backend/internal/signing/awskms/mocks.go:19.2,19.56 1 0
github.com/stellar/wallet-backend/internal/signing/awskms/mocks.go:22.80,24.24 2 0
github.com/stellar/wallet-backend/internal/signing/awskms/mocks.go:24.24,26.3 1 0
github.com/stellar/wallet-backend/internal/signing/awskms/mocks.go:27.2,27.56 1 0
github.com/stellar/wallet-backend/internal/signing/awskms/utils.go:14.74,18.2 1 0
github.com/stellar/wallet-backend/internal/signing/awskms/utils.go:20.55,22.21 2 0
github.com/stellar/wallet-backend/internal/signing/awskms/utils.go:22.21,24.3 1 0
github.com/stellar/wallet-backend/internal/signing/awskms/utils.go:26.2,27.16 2 0
github.com/stellar/wallet-backend/internal/signing/awskms/utils.go:27.16,29.3 1 0
github.com/stellar/wallet-backend/internal/signing/awskms/utils.go:30.2,30.27 1 0
github.com/stellar/wallet-backend/internal/apptracker/sentry/mocks.go:16.69,19.2 2 1
github.com/stellar/wallet-backend/internal/apptracker/sentry/mocks.go:21.72,24.2 2 1
github.com/stellar/wallet-backend/internal/apptracker/sentry/mocks.go:26.63,29.2 2 1
github.com/stellar/wallet-backend/internal/apptracker/sentry/mocks.go:31.56,34.2 2 1
github.com/stellar/wallet-backend/internal/apptracker/sentry/mocks.go:36.48,39.2 2 1
github.com/stellar/wallet-backend/internal/apptracker/sentry/mocks.go:41.46,64.19 14 1
github.com/stellar/wallet-backend/internal/apptracker/sentry/mocks.go:64.19,71.3 6 1
github.com/stellar/wallet-backend/internal/apptracker/sentry/mocks.go:73.2,73.19 1 1
github.com/stellar/wallet-backend/internal/apptracker/sentry/sentry_tracker.go:22.56,24.2 1 1
github.com/stellar/wallet-backend/internal/apptracker/sentry/sentry_tracker.go:26.59,28.2 1 1
github.com/stellar/wallet-backend/internal/apptracker/sentry/sentry_tracker.go:30.86,34.17 1 1
github.com/stellar/wallet-backend/internal/apptracker/sentry/sentry_tracker.go:34.17,36.3 1 1
github.com/stellar/wallet-backend/internal/apptracker/sentry/sentry_tracker.go:37.2,39.30 3 1
github.com/stellar/wallet-backend/internal/serve/auth/mocks.go:15.124,18.2 2 0
github.com/stellar/wallet-backend/internal/serve/auth/signature_verifier.go:26.53,27.27 1 1
github.com/stellar/wallet-backend/internal/serve/auth/signature_verifier.go:27.27,29.3 1 1
github.com/stellar/wallet-backend/internal/serve/auth/signature_verifier.go:30.2,30.66 1 1
github.com/stellar/wallet-backend/internal/serve/auth/signature_verifier.go:38.77,40.29 2 1
github.com/stellar/wallet-backend/internal/serve/auth/signature_verifier.go:40.29,42.3 1 0
github.com/stellar/wallet-backend/internal/serve/auth/signature_verifier.go:43.2,43.28 1 1
github.com/stellar/wallet-backend/internal/serve/auth/signature_verifier.go:46.56,48.2 1 1
github.com/stellar/wallet-backend/internal/serve/auth/signature_verifier.go:58.130,60.16 2 1
github.com/stellar/wallet-backend/internal/serve/auth/signature_verifier.go:60.16,62.3 1 0
github.com/stellar/wallet-backend/internal/serve/auth/signature_verifier.go:65.2,66.16 2 1
github.com/stellar/wallet-backend/internal/serve/auth/signature_verifier.go:66.16,68.3 1 1
github.com/stellar/wallet-backend/internal/serve/auth/signature_verifier.go:70.2,71.16 2 1
github.com/stellar/wallet-backend/internal/serve/auth/signature_verifier.go:71.16,73.3 1 0
github.com/stellar/wallet-backend/internal/serve/auth/signature_verifier.go:75.2,77.39 2 1
github.com/stellar/wallet-backend/internal/serve/auth/signature_verifier.go:77.39,79.3 1 0
github.com/stellar/wallet-backend/internal/serve/auth/signature_verifier.go:81.2,82.45 2 1
github.com/stellar/wallet-backend/internal/serve/auth/signature_verifier.go:82.45,83.68 1 1
github.com/stellar/wallet-backend/internal/serve/auth/signature_verifier.go:83.68,85.12 2 1
github.com/stellar/wallet-backend/internal/serve/auth/signature_verifier.go:87.3,87.13 1 1
github.com/stellar/wallet-backend/internal/serve/auth/signature_verifier.go:90.2,90.112 1 1
github.com/stellar/wallet-backend/internal/serve/auth/signature_verifier.go:93.97,95.21 2 1
github.com/stellar/wallet-backend/internal/serve/auth/signature_verifier.go:95.21,97.3 1 1
github.com/stellar/wallet-backend/internal/serve/auth/signature_verifier.go:99.2,101.77 3 1
github.com/stellar/wallet-backend/internal/serve/auth/signature_verifier.go:101.77,103.3 1 1
github.com/stellar/wallet-backend/internal/serve/auth/signature_verifier.go:104.2,108.77 4 1
github.com/stellar/wallet-backend/internal/serve/auth/signature_verifier.go:108.77,110.3 1 1
github.com/stellar/wallet-backend/internal/serve/auth/signature_verifier.go:111.2,113.18 2 1
github.com/stellar/wallet-backend/internal/serve/auth/signature_verifier.go:116.88,119.9 2 1
github.com/stellar/wallet-backend/internal/serve/auth/signature_verifier.go:119.9,121.3 1 1
github.com/stellar/wallet-backend/internal/serve/auth/signature_verifier.go:122.2,122.16 1 1
github.com/stellar/wallet-backend/internal/serve/auth/signature_verifier.go:122.16,124.3 1 0
github.com/stellar/wallet-backend/internal/serve/auth/signature_verifier.go:126.2,127.16 2 1
github.com/stellar/wallet-backend/internal/serve/auth/signature_verifier.go:127.16,129.3 1 0
github.com/stellar/wallet-backend/internal/serve/auth/signature_verifier.go:131.2,131.68 1 1
github.com/stellar/wallet-backend/internal/serve/auth/signature_verifier.go:134.78,136.44 2 1
github.com/stellar/wallet-backend/internal/serve/auth/signature_verifier.go:136.44,138.3 1 1
github.com/stellar/wallet-backend/internal/serve/auth/signature_verifier.go:140.2,140.12 1 1
github.com/stellar/wallet-backend/internal/serve/auth/signature_verifier.go:143.124,144.36 1 1
github.com/stellar/wallet-backend/internal/serve/auth/signature_verifier.go:144.36,146.3 1 0
github.com/stellar/wallet-backend/internal/serve/auth/signature_verifier.go:148.2,149.49 2 1
github.com/stellar/wallet-backend/internal/serve/auth/signature_verifier.go:149.49,151.17 2 1
github.com/stellar/wallet-backend/internal/serve/auth/signature_verifier.go:151.17,153.4 1 0
github.com/stellar/wallet-backend/internal/serve/auth/signature_verifier.go:154.3,154.15 1 1
github.com/stellar/wallet-backend/internal/serve/auth/signature_verifier.go:157.2,158.16 2 1
github.com/stellar/wallet-backend/internal/serve/auth/signature_verifier.go:158.16,160.3 1 0
github.com/stellar/wallet-backend/internal/serve/auth/signature_verifier.go:162.2,165.8 1 1
github.com/stellar/wallet-backend/internal/apptracker/mocks.go:13.58,15.2 1 0
github.com/stellar/wallet-backend/internal/apptracker/mocks.go:17.61,19.2 1 1
github.com/stellar/wallet-backend/internal/serve/httperror/errors.go:19.54,21.2 1 1
github.com/stellar/wallet-backend/internal/serve/httperror/errors.go:27.73,29.2 1 1
github.com/stellar/wallet-backend/internal/serve/httperror/errors.go:41.79,42.19 1 1
github.com/stellar/wallet-backend/internal/serve/httperror/errors.go:42.19,44.3 1 0
github.com/stellar/wallet-backend/internal/serve/httperror/errors.go:46.2,50.3 1 1
github.com/stellar/wallet-backend/internal/serve/httperror/errors.go:53.81,54.19 1 0
github.com/stellar/wallet-backend/internal/serve/httperror/errors.go:54.19,56.3 1 0
github.com/stellar/wallet-backend/internal/serve/httperror/errors.go:58.2,62.3 1 0
github.com/stellar/wallet-backend/internal/serve/httperror/errors.go:65.154,67.23 2 1
github.com/stellar/wallet-backend/internal/serve/httperror/errors.go:67.23,69.3 1 1
github.com/stellar/wallet-backend/internal/serve/httperror/errors.go:69.8,71.3 1 0
github.com/stellar/wallet-backend/internal/serve/httperror/errors.go:73.2,77.3 1 1
github.com/stellar/wallet-backend/internal/apptracker/mocks.go:13.58,15.2 1 0
github.com/stellar/wallet-backend/internal/apptracker/mocks.go:17.61,19.2 1 1
github.com/stellar/wallet-backend/internal/serve/middleware/metrics_middleware.go:11.100,12.46 1 0
github.com/stellar/wallet-backend/internal/serve/middleware/metrics_middleware.go:12.46,13.72 1 0
github.com/stellar/wallet-backend/internal/serve/middleware/metrics_middleware.go:13.72,18.22 3 0
github.com/stellar/wallet-backend/internal/serve/middleware/metrics_middleware.go:18.22,20.5 1 0
github.com/stellar/wallet-backend/internal/serve/middleware/metrics_middleware.go:23.4,30.68 5 0
github.com/stellar/wallet-backend/internal/serve/middleware/metrics_middleware.go:41.49,44.2 2 0
github.com/stellar/wallet-backend/internal/serve/middleware/metrics_middleware.go:47.56,49.24 1 0
github.com/stellar/wallet-backend/internal/serve/middleware/metrics_middleware.go:49.24,51.3 1 0
github.com/stellar/wallet-backend/internal/serve/middleware/metrics_middleware.go:52.2,52.35 1 0
github.com/stellar/wallet-backend/internal/serve/middleware/middleware.go:24.40,25.46 1 1
github.com/stellar/wallet-backend/internal/serve/middleware/middleware.go:25.46,26.75 1 1
github.com/stellar/wallet-backend/internal/serve/middleware/middleware.go:26.75,28.17 2 1
github.com/stellar/wallet-backend/internal/serve/middleware/middleware.go:28.17,30.18 2 1
github.com/stellar/wallet-backend/internal/serve/middleware/middleware.go:30.18,33.6 2 1
github.com/stellar/wallet-backend/internal/serve/middleware/middleware.go:36.4,39.18 3 1
github.com/stellar/wallet-backend/internal/serve/middleware/middleware.go:39.18,43.5 3 0
github.com/stellar/wallet-backend/internal/serve/middleware/middleware.go:45.4,46.18 2 1
github.com/stellar/wallet-backend/internal/serve/middleware/middleware.go:46.18,48.39 2 1
github.com/stellar/wallet-backend/internal/serve/middleware/middleware.go:48.39,50.6 1 1
github.com/stellar/wallet-backend/internal/serve/middleware/middleware.go:51.5,54.11 4 1
github.com/stellar/wallet-backend/internal/serve/middleware/middleware.go:57.4,58.27 2 1
github.com/stellar/wallet-backend/internal/serve/middleware/middleware.go:64.87,65.46 1 1
github.com/stellar/wallet-backend/internal/serve/middleware/middleware.go:65.46,66.75 1 1
github.com/stellar/wallet-backend/internal/serve/middleware/middleware.go:66.75,67.17 1 1
github.com/stellar/wallet-backend/internal/serve/middleware/middleware.go:67.17,69.17 2 1
github.com/stellar/wallet-backend/internal/serve/middleware/middleware.go:69.17,71.6 1 0
[...]
github.com/stellar/wallet-backend/internal/services/ingest.go:76.2,76.27 1 1
github.com/stellar/wallet-backend/internal/services/ingest.go:76.27,78.3 1 0
github.com/stellar/wallet-backend/internal/services/ingest.go:80.2,88.8 1 1
github.com/stellar/wallet-backend/internal/services/ingest.go:91.94,96.22 4 1
github.com/stellar/wallet-backend/internal/services/ingest.go:96.22,99.17 3 0
github.com/stellar/wallet-backend/internal/services/ingest.go:99.17,101.4 1 0
github.com/stellar/wallet-backend/internal/services/ingest.go:104.2,105.50 2 1
github.com/stellar/wallet-backend/internal/services/ingest.go:105.50,106.10 1 1
github.com/stellar/wallet-backend/internal/services/ingest.go:107.21,108.57 1 0
github.com/stellar/wallet-backend/internal/services/ingest.go:109.38,110.11 1 1
github.com/stellar/wallet-backend/internal/services/ingest.go:113.42,114.37 1 1
github.com/stellar/wallet-backend/internal/services/ingest.go:117.42,121.13 3 1
github.com/stellar/wallet-backend/internal/services/ingest.go:123.4,127.18 4 1
github.com/stellar/wallet-backend/internal/services/ingest.go:127.18,129.13 2 0
github.com/stellar/wallet-backend/internal/services/ingest.go:131.4,134.18 4 1
github.com/stellar/wallet-backend/internal/services/ingest.go:134.18,136.5 1 0
github.com/stellar/wallet-backend/internal/services/ingest.go:137.4,141.18 4 1
github.com/stellar/wallet-backend/internal/services/ingest.go:141.18,143.5 1 0
github.com/stellar/wallet-backend/internal/services/ingest.go:144.4,147.18 3 1
github.com/stellar/wallet-backend/internal/services/ingest.go:147.18,149.5 1 0
github.com/stellar/wallet-backend/internal/services/ingest.go:150.4,153.18 3 1
github.com/stellar/wallet-backend/internal/services/ingest.go:156.2,156.12 1 1
github.com/stellar/wallet-backend/internal/services/ingest.go:159.93,163.31 4 1
github.com/stellar/wallet-backend/internal/services/ingest.go:163.31,165.17 2 1
github.com/stellar/wallet-backend/internal/services/ingest.go:165.17,167.4 1 0
github.com/stellar/wallet-backend/internal/services/ingest.go:168.3,169.47 2 1
github.com/stellar/wallet-backend/internal/services/ingest.go:169.47,170.27 1 1
github.com/stellar/wallet-backend/internal/services/ingest.go:170.27,173.5 2 1
github.com/stellar/wallet-backend/internal/services/ingest.go:173.10,175.10 2 1
github.com/stellar/wallet-backend/internal/services/ingest.go:179.2,179.32 1 1
github.com/stellar/wallet-backend/internal/services/ingest.go:182.110,183.93 1 1
github.com/stellar/wallet-backend/internal/services/ingest.go:183.93,187.41 4 1
github.com/stellar/wallet-backend/internal/services/ingest.go:187.41,188.43 1 1
github.com/stellar/wallet-backend/internal/services/ingest.go:188.43,189.13 1 0
github.com/stellar/wallet-backend/internal/services/ingest.go:191.4,192.18 2 1
github.com/stellar/wallet-backend/internal/services/ingest.go:192.18,194.5 1 0
github.com/stellar/wallet-backend/internal/services/ingest.go:195.4,196.18 2 1
github.com/stellar/wallet-backend/internal/services/ingest.go:196.18,198.5 1 0
github.com/stellar/wallet-backend/internal/services/ingest.go:199.4,200.18 2 1
github.com/stellar/wallet-backend/internal/services/ingest.go:200.18,202.5 1 0
github.com/stellar/wallet-backend/internal/services/ingest.go:204.4,205.21 2 1
github.com/stellar/wallet-backend/internal/services/ingest.go:205.21,207.5 1 0
github.com/stellar/wallet-backend/internal/services/ingest.go:208.4,208.52 1 1
github.com/stellar/wallet-backend/internal/services/ingest.go:208.52,221.25 3 1
github.com/stellar/wallet-backend/internal/services/ingest.go:222.35,224.36 2 1
github.com/stellar/wallet-backend/internal/services/ingest.go:225.49,227.57 2 1
github.com/stellar/wallet-backend/internal/services/ingest.go:228.52,230.60 2 1
github.com/stellar/wallet-backend/internal/services/ingest.go:231.13,232.14 1 1
github.com/stellar/wallet-backend/internal/services/ingest.go:235.5,236.19 2 1
github.com/stellar/wallet-backend/internal/services/ingest.go:236.19,238.6 1 0
github.com/stellar/wallet-backend/internal/services/ingest.go:241.3,244.13 4 1
github.com/stellar/wallet-backend/internal/services/ingest.go:246.2,246.16 1 1
github.com/stellar/wallet-backend/internal/services/ingest.go:246.16,248.3 1 0
github.com/stellar/wallet-backend/internal/services/ingest.go:250.2,250.12 1 1
github.com/stellar/wallet-backend/internal/services/ingest.go:253.118,257.40 2 1
github.com/stellar/wallet-backend/internal/services/ingest.go:257.40,258.18 1 1
github.com/stellar/wallet-backend/internal/services/ingest.go:258.18,260.12 1 1
github.com/stellar/wallet-backend/internal/services/ingest.go:262.3,263.17 2 1
github.com/stellar/wallet-backend/internal/services/ingest.go:263.17,265.4 1 0
github.com/stellar/wallet-backend/internal/services/ingest.go:266.3,266.33 1 1
github.com/stellar/wallet-backend/internal/services/ingest.go:266.33,267.12 1 0
github.com/stellar/wallet-backend/internal/services/ingest.go:270.3,271.17 2 1
github.com/stellar/wallet-backend/internal/services/ingest.go:271.17,273.4 1 0
github.com/stellar/wallet-backend/internal/services/ingest.go:274.3,276.17 3 1
github.com/stellar/wallet-backend/internal/services/ingest.go:276.17,278.4 1 0
github.com/stellar/wallet-backend/internal/services/ingest.go:279.3,280.17 2 1
github.com/stellar/wallet-backend/internal/services/ingest.go:280.17,282.4 1 0
github.com/stellar/wallet-backend/internal/services/ingest.go:283.3,284.17 2 1
github.com/stellar/wallet-backend/internal/services/ingest.go:284.17,286.4 1 0
github.com/stellar/wallet-backend/internal/services/ingest.go:288.3,289.17 2 1
github.com/stellar/wallet-backend/internal/services/ingest.go:289.17,291.4 1 0
github.com/stellar/wallet-backend/internal/services/ingest.go:293.3,304.17 4 1
github.com/stellar/wallet-backend/internal/services/ingest.go:304.17,306.4 1 0
github.com/stellar/wallet-backend/internal/services/ingest.go:308.3,315.36 4 1
github.com/stellar/wallet-backend/internal/services/ingest.go:319.2,319.42 1 1
github.com/stellar/wallet-backend/internal/services/ingest.go:319.42,321.3 1 1
github.com/stellar/wallet-backend/internal/services/ingest.go:322.2,322.12 1 1
github.com/stellar/wallet-backend/internal/services/ingest.go:325.103,327.15 2 1
github.com/stellar/wallet-backend/internal/services/ingest.go:327.15,330.3 2 1
github.com/stellar/wallet-backend/internal/services/ingest.go:332.2,332.6 1 1
github.com/stellar/wallet-backend/internal/services/ingest.go:332.6,333.10 1 1
github.com/stellar/wallet-backend/internal/services/ingest.go:334.21,335.10 1 1
github.com/stellar/wallet-backend/internal/services/ingest.go:336.19,339.22 3 0
github.com/stellar/wallet-backend/internal/services/ingest.go:339.22,341.5 1 0
github.com/stellar/wallet-backend/internal/services/ingest.go:341.10,343.5 1 0
github.com/stellar/wallet-backend/internal/services/ingest.go:344.4,344.46 1 0
github.com/stellar/wallet-backend/internal/services/ingest.go:345.20,346.46 1 1
github.com/stellar/wallet-backend/internal/services/ingest.go:351.70,362.2 10 1
github.com/stellar/wallet-backend/internal/services/ingest.go:364.121,375.51 11 1
github.com/stellar/wallet-backend/internal/services/ingest.go:375.51,377.3 1 1
github.com/stellar/wallet-backend/internal/services/ingest.go:380.124,392.2 11 1
github.com/stellar/wallet-backend/internal/services/kms_import_key_service.go:37.116,38.63 1 1
github.com/stellar/wallet-backend/internal/services/kms_import_key_service.go:38.63,40.3 1 1
github.com/stellar/wallet-backend/internal/services/kms_import_key_service.go:42.2,43.16 2 1
github.com/stellar/wallet-backend/internal/services/kms_import_key_service.go:43.16,45.3 1 0
github.com/stellar/wallet-backend/internal/services/kms_import_key_service.go:47.2,47.52 1 1
github.com/stellar/wallet-backend/internal/services/kms_import_key_service.go:47.52,49.3 1 1
github.com/stellar/wallet-backend/internal/services/kms_import_key_service.go:51.2,57.16 3 1
github.com/stellar/wallet-backend/internal/services/kms_import_key_service.go:57.16,59.3 1 1
github.com/stellar/wallet-backend/internal/services/kms_import_key_service.go:61.2,62.16 2 1
github.com/stellar/wallet-backend/internal/services/kms_import_key_service.go:62.16,64.3 1 1
github.com/stellar/wallet-backend/internal/services/kms_import_key_service.go:66.2,66.12 1 1
github.com/stellar/wallet-backend/internal/services/kms_import_key_service.go:69.165,70.19 1 1
github.com/stellar/wallet-backend/internal/services/kms_import_key_service.go:70.19,72.3 1 0
github.com/stellar/wallet-backend/internal/services/kms_import_key_service.go:74.2,75.21 2 1
github.com/stellar/wallet-backend/internal/services/kms_import_key_service.go:75.21,77.3 1 0
github.com/stellar/wallet-backend/internal/services/kms_import_key_service.go:79.2,79.25 1 1
github.com/stellar/wallet-backend/internal/services/kms_import_key_service.go:79.25,81.3 1 0
github.com/stellar/wallet-backend/internal/services/kms_import_key_service.go:83.2,83.67 1 1
github.com/stellar/wallet-backend/internal/services/kms_import_key_service.go:83.67,85.3 1 0
github.com/stellar/wallet-backend/internal/services/kms_import_key_service.go:87.2,92.8 1 1
github.com/stellar/wallet-backend/internal/services/mocks.go:19.69,21.2 1 1
github.com/stellar/wallet-backend/internal/services/mocks.go:23.81,26.2 2 1
github.com/stellar/wallet-backend/internal/services/mocks.go:28.108,31.2 2 1
github.com/stellar/wallet-backend/internal/services/mocks.go:33.107,36.2 2 1
github.com/stellar/wallet-backend/internal/services/mocks.go:38.135,41.2 2 1
github.com/stellar/wallet-backend/internal/services/mocks.go:43.75,46.2 2 1
github.com/stellar/wallet-backend/internal/services/mocks.go:48.102,51.2 2 0
github.com/stellar/wallet-backend/internal/services/mocks.go:53.82,56.2 2 1
github.com/stellar/wallet-backend/internal/services/mocks.go:58.159,61.2 2 0
github.com/stellar/wallet-backend/internal/services/mocks.go:69.197,72.2 2 0
github.com/stellar/wallet-backend/internal/services/mocks.go:74.128,77.2 2 0
github.com/stellar/wallet-backend/internal/services/payment_service.go:25.92,26.19 1 1
github.com/stellar/wallet-backend/internal/services/payment_service.go:26.19,28.3 1 0
github.com/stellar/wallet-backend/internal/services/payment_service.go:30.2,30.62 1 1
github.com/stellar/wallet-backend/internal/services/payment_service.go:30.62,32.3 1 0
github.com/stellar/wallet-backend/internal/services/payment_service.go:34.2,37.8 1 1
github.com/stellar/wallet-backend/internal/services/payment_service.go:40.187,42.16 2 1
github.com/stellar/wallet-backend/internal/services/payment_service.go:42.16,44.3 1 0
github.com/stellar/wallet-backend/internal/services/payment_service.go:46.2,48.16 3 1
github.com/stellar/wallet-backend/internal/services/payment_service.go:48.16,50.3 1 0
github.com/stellar/wallet-backend/internal/services/payment_service.go:52.2,52.16 1 1
github.com/stellar/wallet-backend/internal/services/payment_service.go:52.16,55.17 3 1
github.com/stellar/wallet-backend/internal/services/payment_service.go:55.17,57.4 1 0
github.com/stellar/wallet-backend/internal/services/payment_service.go:60.2,60.16 1 1
github.com/stellar/wallet-backend/internal/services/payment_service.go:60.16,63.17 3 1
github.com/stellar/wallet-backend/internal/services/payment_service.go:63.17,65.4 1 0
github.com/stellar/wallet-backend/internal/services/payment_service.go:68.2,75.34 2 1
github.com/stellar/wallet-backend/internal/services/payment_service.go:78.121,80.16 2 1
github.com/stellar/wallet-backend/internal/services/payment_service.go:80.16,82.3 1 0
github.com/stellar/wallet-backend/internal/services/payment_service.go:84.2,87.19 4 1
github.com/stellar/wallet-backend/internal/services/payment_service.go:87.19,89.3 1 0
github.com/stellar/wallet-backend/internal/services/payment_service.go:90.2,90.20 1 1
github.com/stellar/wallet-backend/internal/services/payment_service.go:90.20,92.3 1 1
github.com/stellar/wallet-backend/internal/services/payment_service.go:93.2,93.19 1 1
github.com/stellar/wallet-backend/internal/services/payment_service.go:93.19,95.3 1 1
github.com/stellar/wallet-backend/internal/services/payment_service.go:96.2,98.26 2 1
github.com/stellar/wallet-backend/internal/services/rpc_service.go:51.124,52.18 1 1
github.com/stellar/wallet-backend/internal/services/rpc_service.go:52.18,54.3 1 0
github.com/stellar/wallet-backend/internal/services/rpc_service.go:55.2,55.23 1 1
github.com/stellar/wallet-backend/internal/services/rpc_service.go:55.23,57.3 1 0
github.com/stellar/wallet-backend/internal/services/rpc_service.go:58.2,58.27 1 1
github.com/stellar/wallet-backend/internal/services/rpc_service.go:58.27,60.3 1 0
github.com/stellar/wallet-backend/internal/services/rpc_service.go:62.2,70.8 2 1
github.com/stellar/wallet-backend/internal/services/rpc_service.go:73.77,75.2 1 1
github.com/stellar/wallet-backend/internal/services/rpc_service.go:77.103,79.16 2 1
github.com/stellar/wallet-backend/internal/services/rpc_service.go:79.16,81.3 1 1
github.com/stellar/wallet-backend/internal/services/rpc_service.go:83.2,85.16 3 1
github.com/stellar/wallet-backend/internal/services/rpc_service.go:85.16,87.3 1 0
github.com/stellar/wallet-backend/internal/services/rpc_service.go:89.2,89.20 1 1
github.com/stellar/wallet-backend/internal/services/rpc_service.go:92.131,93.23 1 1
github.com/stellar/wallet-backend/internal/services/rpc_service.go:93.23,95.3 1 0
github.com/stellar/wallet-backend/internal/services/rpc_service.go:96.2,97.23 2 1
github.com/stellar/wallet-backend/internal/services/rpc_service.go:97.23,99.3 1 0
github.com/stellar/wallet-backend/internal/services/rpc_service.go:99.8,102.3 2 1
github.com/stellar/wallet-backend/internal/services/rpc_service.go:103.2,104.16 2 1
github.com/stellar/wallet-backend/internal/services/rpc_service.go:104.16,106.3 1 1
github.com/stellar/wallet-backend/internal/services/rpc_service.go:108.2,110.16 3 1
github.com/stellar/wallet-backend/internal/services/rpc_service.go:110.16,112.3 1 0
github.com/stellar/wallet-backend/internal/services/rpc_service.go:113.2,113.20 1 1
github.com/stellar/wallet-backend/internal/services/rpc_service.go:116.71,118.16 2 1
github.com/stellar/wallet-backend/internal/services/rpc_service.go:118.16,120.3 1 1
github.com/stellar/wallet-backend/internal/services/rpc_service.go:122.2,124.16 3 1
github.com/stellar/wallet-backend/internal/services/rpc_service.go:124.16,126.3 1 0
github.com/stellar/wallet-backend/internal/services/rpc_service.go:128.2,128.20 1 1
github.com/stellar/wallet-backend/internal/services/rpc_service.go:131.98,135.16 2 0
github.com/stellar/wallet-backend/internal/services/rpc_service.go:135.16,137.3 1 0
github.com/stellar/wallet-backend/internal/services/rpc_service.go:139.2,141.16 3 0
github.com/stellar/wallet-backend/internal/services/rpc_service.go:141.16,143.3 1 0
github.com/stellar/wallet-backend/internal/services/rpc_service.go:144.2,144.20 1 0
github.com/stellar/wallet-backend/internal/services/rpc_service.go:147.104,149.16 2 1
github.com/stellar/wallet-backend/internal/services/rpc_service.go:149.16,151.3 1 1
github.com/stellar/wallet-backend/internal/services/rpc_service.go:153.2,155.16 3 1
github.com/stellar/wallet-backend/internal/services/rpc_service.go:155.16,157.3 1 0
github.com/stellar/wallet-backend/internal/services/rpc_service.go:159.2,159.20 1 1
github.com/stellar/wallet-backend/internal/services/rpc_service.go:162.155,164.16 2 1
github.com/stellar/wallet-backend/internal/services/rpc_service.go:164.16,166.3 1 1
github.com/stellar/wallet-backend/internal/services/rpc_service.go:168.2,170.16 3 1
github.com/stellar/wallet-backend/internal/services/rpc_service.go:170.16,172.3 1 0
github.com/stellar/wallet-backend/internal/services/rpc_service.go:174.2,174.20 1 1
github.com/stellar/wallet-backend/internal/services/rpc_service.go:177.78,179.16 2 0
github.com/stellar/wallet-backend/internal/services/rpc_service.go:179.16,181.3 1 0
github.com/stellar/wallet-backend/internal/services/rpc_service.go:182.2,183.16 2 0
github.com/stellar/wallet-backend/internal/services/rpc_service.go:183.16,185.3 1 0
github.com/stellar/wallet-backend/internal/services/rpc_service.go:186.2,186.30 1 0
github.com/stellar/wallet-backend/internal/services/rpc_service.go:186.30,188.3 1 0
github.com/stellar/wallet-backend/internal/services/rpc_service.go:190.2,192.16 3 0
github.com/stellar/wallet-backend/internal/services/rpc_service.go:192.16,194.3 1 0
github.com/stellar/wallet-backend/internal/services/rpc_service.go:195.2,196.40 2 0
github.com/stellar/wallet-backend/internal/services/rpc_service.go:199.65,200.49 1 1
github.com/stellar/wallet-backend/internal/services/rpc_service.go:200.49,202.3 1 0
github.com/stellar/wallet-backend/internal/services/rpc_service.go:203.2,203.37 1 1
github.com/stellar/wallet-backend/internal/services/rpc_service.go:206.62,207.46 1 1
github.com/stellar/wallet-backend/internal/services/rpc_service.go:207.46,209.3 1 0
github.com/stellar/wallet-backend/internal/services/rpc_service.go:210.2,210.34 1 1
github.com/stellar/wallet-backend/internal/services/rpc_service.go:213.65,216.15 3 1
github.com/stellar/wallet-backend/internal/services/rpc_service.go:216.15,220.3 3 1
github.com/stellar/wallet-backend/internal/services/rpc_service.go:222.2,222.6 1 1
github.com/stellar/wallet-backend/internal/services/rpc_service.go:222.6,223.10 1 1
github.com/stellar/wallet-backend/internal/services/rpc_service.go:224.21,225.10 1 1
github.com/stellar/wallet-backend/internal/services/rpc_service.go:226.26,229.55 3 1
github.com/stellar/wallet-backend/internal/services/rpc_service.go:230.30,232.18 2 1
github.com/stellar/wallet-backend/internal/services/rpc_service.go:232.18,235.13 3 1
github.com/stellar/wallet-backend/internal/services/rpc_service.go:237.4,240.55 4 1
github.com/stellar/wallet-backend/internal/services/rpc_service.go:245.104,248.15 3 1
github.com/stellar/wallet-backend/internal/services/rpc_service.go:248.15,251.3 2 1
github.com/stellar/wallet-backend/internal/services/rpc_service.go:253.2,260.35 2 1
github.com/stellar/wallet-backend/internal/services/rpc_service.go:260.35,262.3 1 1
github.com/stellar/wallet-backend/internal/services/rpc_service.go:264.2,265.16 2 1
github.com/stellar/wallet-backend/internal/services/rpc_service.go:265.16,268.3 2 0
github.com/stellar/wallet-backend/internal/services/rpc_service.go:269.2,270.16 2 1
github.com/stellar/wallet-backend/internal/services/rpc_service.go:270.16,273.3 2 1
github.com/stellar/wallet-backend/internal/services/rpc_service.go:275.2,276.16 2 1
github.com/stellar/wallet-backend/internal/services/rpc_service.go:276.16,279.3 2 1
github.com/stellar/wallet-backend/internal/services/rpc_service.go:280.2,284.16 4 1
github.com/stellar/wallet-backend/internal/services/rpc_service.go:284.16,287.3 2 1
github.com/stellar/wallet-backend/internal/services/rpc_service.go:289.2,289.23 1 1
github.com/stellar/wallet-backend/internal/services/rpc_service.go:289.23,292.3 2 1
github.com/stellar/wallet-backend/internal/services/rpc_service.go:294.2,295.24 2 1
github.com/stellar/wallet-backend/internal/signing/awskms/mocks.go:14.80,16.24 2 1
github.com/stellar/wallet-backend/internal/signing/awskms/mocks.go:16.24,18.3 1 1
github.com/stellar/wallet-backend/internal/signing/awskms/mocks.go:19.2,19.56 1 1
github.com/stellar/wallet-backend/internal/signing/awskms/mocks.go:22.80,24.24 2 0
github.com/stellar/wallet-backend/internal/signing/awskms/mocks.go:24.24,26.3 1 0
github.com/stellar/wallet-backend/internal/signing/awskms/mocks.go:27.2,27.56 1 0
github.com/stellar/wallet-backend/internal/signing/awskms/utils.go:14.74,18.2 1 1
github.com/stellar/wallet-backend/internal/signing/awskms/utils.go:20.55,22.21 2 0
github.com/stellar/wallet-backend/internal/signing/awskms/utils.go:22.21,24.3 1 0
github.com/stellar/wallet-backend/internal/signing/awskms/utils.go:26.2,27.16 2 0
github.com/stellar/wallet-backend/internal/signing/awskms/utils.go:27.16,29.3 1 0
github.com/stellar/wallet-backend/internal/signing/awskms/utils.go:30.2,30.27 1 0
